2025-02-06 07:36:49,365 WARN [main] o.a.n.b.process.RuntimeValidatorExecutor Runtime Configuration [AvailableLocalPorts] validation failed: Local Ports [28231] less than recommended [55000] according to [/proc/sys/net/ipv4/ip_local_port_range]
2025-02-06 07:36:49,419 WARN [main] o.a.n.b.process.RuntimeValidatorExecutor Runtime Configuration [ForkedProcesses] validation failed: Configuration file [/proc/75/limits] cannot be parsed
2025-02-06 07:36:49,419 WARN [main] o.a.n.b.process.RuntimeValidatorExecutor Runtime Configuration [Swappiness] validation failed: Swappiness [60] more than recommended [0] according to [/proc/sys/vm/swappiness]
2025-02-06 07:36:49,419 WARN [main] o.a.n.b.process.RuntimeValidatorExecutor Runtime Configuration [SocketTimedWaitDuration] validation failed: TCP Socket Wait [120 seconds] more than recommended [1 seconds] according to [/proc/sys/net/netfilter/nf_conntrack_tcp_timeout_time_wait]
2025-02-06 07:36:49,741 INFO [main] org.apache.nifi.bootstrap.RunNiFi {javaVersion=21.0.3, availableProcessors=2, maxOpenFileDescriptors=1048576, totalPhysicalMemoryMB=2048, minimumHeapSize=1g, maximumHeapSize=1g}
2025-02-06 07:36:49,818 INFO [main] org.apache.nifi.bootstrap.Command Starting Apache NiFi...
2025-02-06 07:36:49,819 INFO [main] org.apache.nifi.bootstrap.Command Working Directory: /opt/nifi/nifi-current
2025-02-06 07:36:49,819 INFO [main] org.apache.nifi.bootstrap.Command Command: /usr/lib/jvm/jdk-21.0.3-bellsoft-x86_64/bin/java -classpath /opt/nifi/nifi-current/./conf:/opt/nifi/nifi-current/./lib/nifi-runtime-2.0.0-M3.jar:/opt/nifi/nifi-current/./lib/jul-to-slf4j-2.0.13.jar:/opt/nifi/nifi-current/./lib/logback-core-1.5.6.jar:/opt/nifi/nifi-current/./lib/nifi-python-framework-api-2.0.0-M3.jar:/opt/nifi/nifi-current/./lib/log4j-over-slf4j-2.0.13.jar:/opt/nifi/nifi-current/./lib/nifi-properties-2.0.0-M3.jar:/opt/nifi/nifi-current/./lib/nifi-per-process-group-logging-2.0.0-M3.jar:/opt/nifi/nifi-current/./lib/nifi-framework-api-2.0.0-M3.jar:/opt/nifi/nifi-current/./lib/nifi-property-utils-2.0.0-M3.jar:/opt/nifi/nifi-current/./lib/jcl-over-slf4j-2.0.13.jar:/opt/nifi/nifi-current/./lib/nifi-api-2.0.0-M3.jar:/opt/nifi/nifi-current/./lib/logback-classic-1.5.6.jar:/opt/nifi/nifi-current/./lib/slf4j-api-2.0.13.jar:/opt/nifi/nifi-current/./lib/nifi-nar-utils-2.0.0-M3.jar:/opt/nifi/nifi-current/./lib/nifi-server-api-2.0.0-M3.jar:/opt/nifi/nifi-current/./lib/nifi-stateless-api-2.0.0-M3.jar -Xmx1g -Djava.awt.headless=true -Xms1g -Djavax.security.auth.useSubjectCredsOnly=true -Dsun.net.http.allowRestrictedHeaders=true -Djava.protocol.handler.pkgs=sun.net.www.protocol -Duser.timezone=America/Bahia -Dcurator-log-only-first-connection-issue-as-error-level=true -Dnifi.properties.file.path=/opt/nifi/nifi-current/./conf/nifi.properties -Dnifi.bootstrap.listen.port=38255 -Dapp=NiFi -Dorg.apache.nifi.bootstrap.config.log.dir=/opt/nifi/nifi-current/logs org.apache.nifi.NiFi 
2025-02-06 07:36:49,862 INFO [main] org.apache.nifi.bootstrap.Command Application Process [110] launched
2025-02-06 07:36:51,734 INFO [NiFi Bootstrap Command Listener] org.apache.nifi.bootstrap.RunNiFi Apache NiFi now running and listening for Bootstrap requests on port 39091
2025-02-06 21:24:01,485 INFO [main] org.apache.nifi.bootstrap.Command Apache NiFi is already running, listening to Bootstrap on port 39091
2025-02-06 21:24:05,149 INFO [main] org.apache.nifi.bootstrap.Command Apache NiFi is already running, listening to Bootstrap on port 39091
2025-02-06 21:24:08,593 INFO [main] org.apache.nifi.bootstrap.Command Apache NiFi is already running, listening to Bootstrap on port 39091
2025-02-06 21:24:13,222 WARN [main] o.a.n.b.process.RuntimeValidatorExecutor Runtime Configuration [AvailableLocalPorts] validation failed: Local Ports [28231] less than recommended [55000] according to [/proc/sys/net/ipv4/ip_local_port_range]
2025-02-06 21:24:13,226 WARN [main] o.a.n.b.process.RuntimeValidatorExecutor Runtime Configuration [ForkedProcesses] validation failed: Configuration file [/proc/74/limits] cannot be parsed
2025-02-06 21:24:13,226 WARN [main] o.a.n.b.process.RuntimeValidatorExecutor Runtime Configuration [Swappiness] validation failed: Swappiness [60] more than recommended [0] according to [/proc/sys/vm/swappiness]
2025-02-06 21:24:13,226 WARN [main] o.a.n.b.process.RuntimeValidatorExecutor Runtime Configuration [SocketTimedWaitDuration] validation failed: TCP Socket Wait [120 seconds] more than recommended [1 seconds] according to [/proc/sys/net/netfilter/nf_conntrack_tcp_timeout_time_wait]
2025-02-06 21:24:13,754 INFO [main] org.apache.nifi.bootstrap.RunNiFi {javaVersion=21.0.3, availableProcessors=2, maxOpenFileDescriptors=1048576, totalPhysicalMemoryMB=2048, minimumHeapSize=1g, maximumHeapSize=1g}
2025-02-06 21:24:13,852 INFO [main] org.apache.nifi.bootstrap.Command Starting Apache NiFi...
2025-02-06 21:24:13,853 INFO [main] org.apache.nifi.bootstrap.Command Working Directory: /opt/nifi/nifi-current
2025-02-06 21:24:13,853 INFO [main] org.apache.nifi.bootstrap.Command Command: /usr/lib/jvm/jdk-21.0.3-bellsoft-x86_64/bin/java -classpath /opt/nifi/nifi-current/./conf:/opt/nifi/nifi-current/./lib/nifi-runtime-2.0.0-M3.jar:/opt/nifi/nifi-current/./lib/jul-to-slf4j-2.0.13.jar:/opt/nifi/nifi-current/./lib/logback-core-1.5.6.jar:/opt/nifi/nifi-current/./lib/nifi-python-framework-api-2.0.0-M3.jar:/opt/nifi/nifi-current/./lib/log4j-over-slf4j-2.0.13.jar:/opt/nifi/nifi-current/./lib/nifi-properties-2.0.0-M3.jar:/opt/nifi/nifi-current/./lib/nifi-per-process-group-logging-2.0.0-M3.jar:/opt/nifi/nifi-current/./lib/nifi-framework-api-2.0.0-M3.jar:/opt/nifi/nifi-current/./lib/nifi-property-utils-2.0.0-M3.jar:/opt/nifi/nifi-current/./lib/jcl-over-slf4j-2.0.13.jar:/opt/nifi/nifi-current/./lib/nifi-api-2.0.0-M3.jar:/opt/nifi/nifi-current/./lib/logback-classic-1.5.6.jar:/opt/nifi/nifi-current/./lib/slf4j-api-2.0.13.jar:/opt/nifi/nifi-current/./lib/nifi-nar-utils-2.0.0-M3.jar:/opt/nifi/nifi-current/./lib/nifi-server-api-2.0.0-M3.jar:/opt/nifi/nifi-current/./lib/nifi-stateless-api-2.0.0-M3.jar -Xmx1g -Djava.awt.headless=true -Xms1g -Djavax.security.auth.useSubjectCredsOnly=true -Dsun.net.http.allowRestrictedHeaders=true -Djava.protocol.handler.pkgs=sun.net.www.protocol -Duser.timezone=America/Bahia -Dcurator-log-only-first-connection-issue-as-error-level=true -Dnifi.properties.file.path=/opt/nifi/nifi-current/./conf/nifi.properties -Dnifi.bootstrap.listen.port=33237 -Dapp=NiFi -Dorg.apache.nifi.bootstrap.config.log.dir=/opt/nifi/nifi-current/logs org.apache.nifi.NiFi 
2025-02-06 21:24:13,925 INFO [main] org.apache.nifi.bootstrap.Command Application Process [112] launched
2025-02-06 21:24:15,774 INFO [NiFi Bootstrap Command Listener] org.apache.nifi.bootstrap.RunNiFi Apache NiFi now running and listening for Bootstrap requests on port 38607
2025-02-06 21:34:21,695 INFO [main] org.apache.nifi.bootstrap.Command Apache NiFi has accepted the Shutdown Command and is shutting down now
2025-02-06 21:34:21,768 INFO [main] org.apache.nifi.bootstrap.Command NiFi PID [112] shutdown in progress...
2025-02-06 21:34:23,775 INFO [main] org.apache.nifi.bootstrap.Command NiFi PID [112] shutdown in progress...
2025-02-06 21:34:24,073 INFO [main] org.apache.nifi.bootstrap.RunNiFi A shutdown was initiated. Will not restart NiFi
2025-02-06 21:34:25,780 INFO [main] org.apache.nifi.bootstrap.Command NiFi PID [112] shutdown completed
2025-02-06 21:36:08,983 WARN [main] o.a.n.b.process.RuntimeValidatorExecutor Runtime Configuration [AvailableLocalPorts] validation failed: Local Ports [28231] less than recommended [55000] according to [/proc/sys/net/ipv4/ip_local_port_range]
2025-02-06 21:36:08,989 WARN [main] o.a.n.b.process.RuntimeValidatorExecutor Runtime Configuration [ForkedProcesses] validation failed: Configuration file [/proc/75/limits] cannot be parsed
2025-02-06 21:36:08,989 WARN [main] o.a.n.b.process.RuntimeValidatorExecutor Runtime Configuration [Swappiness] validation failed: Swappiness [60] more than recommended [0] according to [/proc/sys/vm/swappiness]
2025-02-06 21:36:08,989 WARN [main] o.a.n.b.process.RuntimeValidatorExecutor Runtime Configuration [SocketTimedWaitDuration] validation failed: TCP Socket Wait [120 seconds] more than recommended [1 seconds] according to [/proc/sys/net/netfilter/nf_conntrack_tcp_timeout_time_wait]
2025-02-06 21:36:09,264 INFO [main] org.apache.nifi.bootstrap.RunNiFi {javaVersion=21.0.3, availableProcessors=2, maxOpenFileDescriptors=1048576, totalPhysicalMemoryMB=2048, minimumHeapSize=1g, maximumHeapSize=1g}
2025-02-06 21:36:09,325 INFO [main] org.apache.nifi.bootstrap.Command Starting Apache NiFi...
2025-02-06 21:36:09,326 INFO [main] org.apache.nifi.bootstrap.Command Working Directory: /opt/nifi/nifi-current
2025-02-06 21:36:09,326 INFO [main] org.apache.nifi.bootstrap.Command Command: /usr/lib/jvm/jdk-21.0.3-bellsoft-x86_64/bin/java -classpath /opt/nifi/nifi-current/./conf:/opt/nifi/nifi-current/./lib/nifi-runtime-2.0.0-M3.jar:/opt/nifi/nifi-current/./lib/jul-to-slf4j-2.0.13.jar:/opt/nifi/nifi-current/./lib/logback-core-1.5.6.jar:/opt/nifi/nifi-current/./lib/nifi-python-framework-api-2.0.0-M3.jar:/opt/nifi/nifi-current/./lib/log4j-over-slf4j-2.0.13.jar:/opt/nifi/nifi-current/./lib/nifi-properties-2.0.0-M3.jar:/opt/nifi/nifi-current/./lib/nifi-per-process-group-logging-2.0.0-M3.jar:/opt/nifi/nifi-current/./lib/nifi-framework-api-2.0.0-M3.jar:/opt/nifi/nifi-current/./lib/nifi-property-utils-2.0.0-M3.jar:/opt/nifi/nifi-current/./lib/jcl-over-slf4j-2.0.13.jar:/opt/nifi/nifi-current/./lib/nifi-api-2.0.0-M3.jar:/opt/nifi/nifi-current/./lib/logback-classic-1.5.6.jar:/opt/nifi/nifi-current/./lib/slf4j-api-2.0.13.jar:/opt/nifi/nifi-current/./lib/nifi-nar-utils-2.0.0-M3.jar:/opt/nifi/nifi-current/./lib/nifi-server-api-2.0.0-M3.jar:/opt/nifi/nifi-current/./lib/nifi-stateless-api-2.0.0-M3.jar -Xmx1g -Djava.awt.headless=true -Xms1g -Djavax.security.auth.useSubjectCredsOnly=true -Dsun.net.http.allowRestrictedHeaders=true -Djava.protocol.handler.pkgs=sun.net.www.protocol -Duser.timezone=America/Bahia -Dcurator-log-only-first-connection-issue-as-error-level=true -Dnifi.properties.file.path=/opt/nifi/nifi-current/./conf/nifi.properties -Dnifi.bootstrap.listen.port=35547 -Dapp=NiFi -Dorg.apache.nifi.bootstrap.config.log.dir=/opt/nifi/nifi-current/logs org.apache.nifi.NiFi 
2025-02-06 21:36:09,368 INFO [main] org.apache.nifi.bootstrap.Command Application Process [112] launched
2025-02-06 21:36:10,595 INFO [NiFi Bootstrap Command Listener] org.apache.nifi.bootstrap.RunNiFi Apache NiFi now running and listening for Bootstrap requests on port 45911
