2025-02-10 13:25:39,577 INFO [Checkpoint FlowFile Repository] o.a.n.c.r.WriteAheadFlowFileRepository Initiating checkpoint of FlowFile Repository
2025-02-10 13:25:39,580 INFO [Checkpoint FlowFile Repository] o.a.n.c.r.WriteAheadFlowFileRepository Successfully checkpointed FlowFile Repository with 62 records in 0 milliseconds
2025-02-10 13:25:59,580 INFO [Checkpoint FlowFile Repository] o.a.n.c.r.WriteAheadFlowFileRepository Initiating checkpoint of FlowFile Repository
2025-02-10 13:25:59,581 INFO [Checkpoint FlowFile Repository] o.a.n.c.r.WriteAheadFlowFileRepository Successfully checkpointed FlowFile Repository with 62 records in 0 milliseconds
2025-02-10 13:26:01,462 INFO [Timer-Driven Process Thread-10] o.a.n.p.store.WriteAheadStorePartition Successfully rolled over Event Writer for Provenance Event Store Partition[directory=./provenance_repository] due to MAX_TIME_REACHED. Event File was 19.24 KB and contained 16 events.
2025-02-10 13:26:19,582 INFO [Checkpoint FlowFile Repository] o.a.n.c.r.WriteAheadFlowFileRepository Initiating checkpoint of FlowFile Repository
2025-02-10 13:26:19,645 INFO [Checkpoint FlowFile Repository] o.a.n.wali.SequentialAccessWriteAheadLog Checkpointed Write-Ahead Log with 62 Records and 0 Swap Files in 62 milliseconds (Stop-the-world time = 24 milliseconds), max Transaction ID 170228
2025-02-10 13:26:19,646 INFO [Checkpoint FlowFile Repository] o.a.n.c.r.WriteAheadFlowFileRepository Successfully checkpointed FlowFile Repository with 62 records in 63 milliseconds
2025-02-10 13:26:19,921 INFO [Write-Ahead Local State Provider Maintenance] o.a.n.wali.SequentialAccessWriteAheadLog Checkpointed Write-Ahead Log with 21 Records and 0 Swap Files in 55 milliseconds (Stop-the-world time = 16 milliseconds), max Transaction ID 609
2025-02-10 13:26:20,580 INFO [Cleanup Archive for default] o.a.n.c.repository.FileSystemRepository Successfully deleted 0 files (0 bytes) from archive
2025-02-10 13:26:20,580 INFO [Cleanup Archive for default] o.a.n.c.repository.FileSystemRepository Archive cleanup completed for container default; will now allow writing to this container. Bytes used = 164.5 GB, bytes free = 273.51 GB, capacity = 438.01 GB
2025-02-10 13:26:39,647 INFO [Checkpoint FlowFile Repository] o.a.n.c.r.WriteAheadFlowFileRepository Initiating checkpoint of FlowFile Repository
2025-02-10 13:26:39,648 INFO [Checkpoint FlowFile Repository] o.a.n.c.r.WriteAheadFlowFileRepository Successfully checkpointed FlowFile Repository with 62 records in 0 milliseconds
2025-02-10 13:26:59,649 INFO [Checkpoint FlowFile Repository] o.a.n.c.r.WriteAheadFlowFileRepository Initiating checkpoint of FlowFile Repository
2025-02-10 13:26:59,649 INFO [Checkpoint FlowFile Repository] o.a.n.c.r.WriteAheadFlowFileRepository Successfully checkpointed FlowFile Repository with 62 records in 0 milliseconds
2025-02-10 13:27:19,650 INFO [Checkpoint FlowFile Repository] o.a.n.c.r.WriteAheadFlowFileRepository Initiating checkpoint of FlowFile Repository
2025-02-10 13:27:19,720 INFO [Checkpoint FlowFile Repository] o.a.n.wali.SequentialAccessWriteAheadLog Checkpointed Write-Ahead Log with 62 Records and 0 Swap Files in 69 milliseconds (Stop-the-world time = 22 milliseconds), max Transaction ID 170234
2025-02-10 13:27:19,721 INFO [Checkpoint FlowFile Repository] o.a.n.c.r.WriteAheadFlowFileRepository Successfully checkpointed FlowFile Repository with 62 records in 70 milliseconds
2025-02-10 13:27:20,598 INFO [Cleanup Archive for default] o.a.n.c.repository.FileSystemRepository Successfully deleted 0 files (0 bytes) from archive
2025-02-10 13:27:20,599 INFO [Cleanup Archive for default] o.a.n.c.repository.FileSystemRepository Archive cleanup completed for container default; will now allow writing to this container. Bytes used = 164.5 GB, bytes free = 273.51 GB, capacity = 438.01 GB
2025-02-10 13:27:39,722 INFO [Checkpoint FlowFile Repository] o.a.n.c.r.WriteAheadFlowFileRepository Initiating checkpoint of FlowFile Repository
2025-02-10 13:27:39,722 INFO [Checkpoint FlowFile Repository] o.a.n.c.r.WriteAheadFlowFileRepository Successfully checkpointed FlowFile Repository with 62 records in 0 milliseconds
2025-02-10 13:27:59,723 INFO [Checkpoint FlowFile Repository] o.a.n.c.r.WriteAheadFlowFileRepository Initiating checkpoint of FlowFile Repository
2025-02-10 13:27:59,724 INFO [Checkpoint FlowFile Repository] o.a.n.c.r.WriteAheadFlowFileRepository Successfully checkpointed FlowFile Repository with 62 records in 0 milliseconds
2025-02-10 13:28:19,725 INFO [Checkpoint FlowFile Repository] o.a.n.c.r.WriteAheadFlowFileRepository Initiating checkpoint of FlowFile Repository
2025-02-10 13:28:19,779 INFO [Checkpoint FlowFile Repository] o.a.n.wali.SequentialAccessWriteAheadLog Checkpointed Write-Ahead Log with 62 Records and 0 Swap Files in 54 milliseconds (Stop-the-world time = 24 milliseconds), max Transaction ID 170240
2025-02-10 13:28:19,780 INFO [Checkpoint FlowFile Repository] o.a.n.c.r.WriteAheadFlowFileRepository Successfully checkpointed FlowFile Repository with 62 records in 54 milliseconds
2025-02-10 13:28:19,969 INFO [Write-Ahead Local State Provider Maintenance] o.a.n.wali.SequentialAccessWriteAheadLog Checkpointed Write-Ahead Log with 21 Records and 0 Swap Files in 47 milliseconds (Stop-the-world time = 17 milliseconds), max Transaction ID 613
2025-02-10 13:28:20,617 INFO [Cleanup Archive for default] o.a.n.c.repository.FileSystemRepository Successfully deleted 0 files (0 bytes) from archive
2025-02-10 13:28:20,617 INFO [Cleanup Archive for default] o.a.n.c.repository.FileSystemRepository Archive cleanup completed for container default; will now allow writing to this container. Bytes used = 164.5 GB, bytes free = 273.51 GB, capacity = 438.01 GB
2025-02-10 13:28:39,780 INFO [Checkpoint FlowFile Repository] o.a.n.c.r.WriteAheadFlowFileRepository Initiating checkpoint of FlowFile Repository
2025-02-10 13:28:39,781 INFO [Checkpoint FlowFile Repository] o.a.n.c.r.WriteAheadFlowFileRepository Successfully checkpointed FlowFile Repository with 62 records in 0 milliseconds
2025-02-10 13:28:59,781 INFO [Checkpoint FlowFile Repository] o.a.n.c.r.WriteAheadFlowFileRepository Initiating checkpoint of FlowFile Repository
2025-02-10 13:28:59,782 INFO [Checkpoint FlowFile Repository] o.a.n.c.r.WriteAheadFlowFileRepository Successfully checkpointed FlowFile Repository with 62 records in 0 milliseconds
2025-02-10 13:29:19,783 INFO [Checkpoint FlowFile Repository] o.a.n.c.r.WriteAheadFlowFileRepository Initiating checkpoint of FlowFile Repository
2025-02-10 13:29:19,854 INFO [Checkpoint FlowFile Repository] o.a.n.wali.SequentialAccessWriteAheadLog Checkpointed Write-Ahead Log with 62 Records and 0 Swap Files in 70 milliseconds (Stop-the-world time = 26 milliseconds), max Transaction ID 170246
2025-02-10 13:29:19,854 INFO [Checkpoint FlowFile Repository] o.a.n.c.r.WriteAheadFlowFileRepository Successfully checkpointed FlowFile Repository with 62 records in 71 milliseconds
2025-02-10 13:29:20,635 INFO [Cleanup Archive for default] o.a.n.c.repository.FileSystemRepository Successfully deleted 0 files (0 bytes) from archive
2025-02-10 13:29:20,636 INFO [Cleanup Archive for default] o.a.n.c.repository.FileSystemRepository Archive cleanup completed for container default; will now allow writing to this container. Bytes used = 164.5 GB, bytes free = 273.51 GB, capacity = 438.01 GB
2025-02-10 13:29:39,855 INFO [Checkpoint FlowFile Repository] o.a.n.c.r.WriteAheadFlowFileRepository Initiating checkpoint of FlowFile Repository
2025-02-10 13:29:39,855 INFO [Checkpoint FlowFile Repository] o.a.n.c.r.WriteAheadFlowFileRepository Successfully checkpointed FlowFile Repository with 62 records in 0 milliseconds
2025-02-10 13:29:59,856 INFO [Checkpoint FlowFile Repository] o.a.n.c.r.WriteAheadFlowFileRepository Initiating checkpoint of FlowFile Repository
2025-02-10 13:29:59,856 INFO [Checkpoint FlowFile Repository] o.a.n.c.r.WriteAheadFlowFileRepository Successfully checkpointed FlowFile Repository with 62 records in 0 milliseconds
2025-02-10 13:30:19,857 INFO [Checkpoint FlowFile Repository] o.a.n.c.r.WriteAheadFlowFileRepository Initiating checkpoint of FlowFile Repository
2025-02-10 13:30:19,922 INFO [Checkpoint FlowFile Repository] o.a.n.wali.SequentialAccessWriteAheadLog Checkpointed Write-Ahead Log with 62 Records and 0 Swap Files in 63 milliseconds (Stop-the-world time = 25 milliseconds), max Transaction ID 170252
2025-02-10 13:30:19,922 INFO [Checkpoint FlowFile Repository] o.a.n.c.r.WriteAheadFlowFileRepository Successfully checkpointed FlowFile Repository with 62 records in 64 milliseconds
2025-02-10 13:30:20,012 INFO [Write-Ahead Local State Provider Maintenance] o.a.n.wali.SequentialAccessWriteAheadLog Checkpointed Write-Ahead Log with 21 Records and 0 Swap Files in 41 milliseconds (Stop-the-world time = 12 milliseconds), max Transaction ID 617
2025-02-10 13:30:20,654 INFO [Cleanup Archive for default] o.a.n.c.repository.FileSystemRepository Successfully deleted 0 files (0 bytes) from archive
2025-02-10 13:30:20,655 INFO [Cleanup Archive for default] o.a.n.c.repository.FileSystemRepository Archive cleanup completed for container default; will now allow writing to this container. Bytes used = 164.5 GB, bytes free = 273.51 GB, capacity = 438.01 GB
2025-02-10 13:30:39,923 INFO [Checkpoint FlowFile Repository] o.a.n.c.r.WriteAheadFlowFileRepository Initiating checkpoint of FlowFile Repository
2025-02-10 13:30:39,923 INFO [Checkpoint FlowFile Repository] o.a.n.c.r.WriteAheadFlowFileRepository Successfully checkpointed FlowFile Repository with 62 records in 0 milliseconds
2025-02-10 13:30:59,924 INFO [Checkpoint FlowFile Repository] o.a.n.c.r.WriteAheadFlowFileRepository Initiating checkpoint of FlowFile Repository
2025-02-10 13:30:59,925 INFO [Checkpoint FlowFile Repository] o.a.n.c.r.WriteAheadFlowFileRepository Successfully checkpointed FlowFile Repository with 62 records in 0 milliseconds
2025-02-10 13:31:19,930 INFO [Checkpoint FlowFile Repository] o.a.n.c.r.WriteAheadFlowFileRepository Initiating checkpoint of FlowFile Repository
2025-02-10 13:31:19,966 INFO [Checkpoint FlowFile Repository] o.a.n.wali.SequentialAccessWriteAheadLog Checkpointed Write-Ahead Log with 62 Records and 0 Swap Files in 35 milliseconds (Stop-the-world time = 7 milliseconds), max Transaction ID 170258
2025-02-10 13:31:19,966 INFO [Checkpoint FlowFile Repository] o.a.n.c.r.WriteAheadFlowFileRepository Successfully checkpointed FlowFile Repository with 62 records in 36 milliseconds
2025-02-10 13:31:20,677 INFO [Cleanup Archive for default] o.a.n.c.repository.FileSystemRepository Successfully deleted 0 files (0 bytes) from archive
2025-02-10 13:31:20,678 INFO [Cleanup Archive for default] o.a.n.c.repository.FileSystemRepository Archive cleanup completed for container default; will now allow writing to this container. Bytes used = 164.5 GB, bytes free = 273.51 GB, capacity = 438.01 GB
2025-02-10 13:31:39,967 INFO [Checkpoint FlowFile Repository] o.a.n.c.r.WriteAheadFlowFileRepository Initiating checkpoint of FlowFile Repository
2025-02-10 13:31:39,968 INFO [Checkpoint FlowFile Repository] o.a.n.c.r.WriteAheadFlowFileRepository Successfully checkpointed FlowFile Repository with 62 records in 0 milliseconds
2025-02-10 13:31:59,969 INFO [Checkpoint FlowFile Repository] o.a.n.c.r.WriteAheadFlowFileRepository Initiating checkpoint of FlowFile Repository
2025-02-10 13:31:59,969 INFO [Checkpoint FlowFile Repository] o.a.n.c.r.WriteAheadFlowFileRepository Successfully checkpointed FlowFile Repository with 62 records in 0 milliseconds
2025-02-10 13:32:19,969 INFO [Checkpoint FlowFile Repository] o.a.n.c.r.WriteAheadFlowFileRepository Initiating checkpoint of FlowFile Repository
2025-02-10 13:32:20,007 INFO [Checkpoint FlowFile Repository] o.a.n.wali.SequentialAccessWriteAheadLog Checkpointed Write-Ahead Log with 62 Records and 0 Swap Files in 37 milliseconds (Stop-the-world time = 8 milliseconds), max Transaction ID 170264
2025-02-10 13:32:20,008 INFO [Checkpoint FlowFile Repository] o.a.n.c.r.WriteAheadFlowFileRepository Successfully checkpointed FlowFile Repository with 62 records in 37 milliseconds
2025-02-10 13:32:20,047 INFO [Write-Ahead Local State Provider Maintenance] o.a.n.wali.SequentialAccessWriteAheadLog Checkpointed Write-Ahead Log with 21 Records and 0 Swap Files in 33 milliseconds (Stop-the-world time = 3 milliseconds), max Transaction ID 621
2025-02-10 13:32:20,691 INFO [Cleanup Archive for default] o.a.n.c.repository.FileSystemRepository Successfully deleted 0 files (0 bytes) from archive
2025-02-10 13:32:20,692 INFO [Cleanup Archive for default] o.a.n.c.repository.FileSystemRepository Archive cleanup completed for container default; will now allow writing to this container. Bytes used = 164.5 GB, bytes free = 273.51 GB, capacity = 438.01 GB
2025-02-10 13:32:40,008 INFO [Checkpoint FlowFile Repository] o.a.n.c.r.WriteAheadFlowFileRepository Initiating checkpoint of FlowFile Repository
2025-02-10 13:32:40,009 INFO [Checkpoint FlowFile Repository] o.a.n.c.r.WriteAheadFlowFileRepository Successfully checkpointed FlowFile Repository with 62 records in 0 milliseconds
2025-02-10 13:33:00,009 INFO [Checkpoint FlowFile Repository] o.a.n.c.r.WriteAheadFlowFileRepository Initiating checkpoint of FlowFile Repository
2025-02-10 13:33:00,009 INFO [Checkpoint FlowFile Repository] o.a.n.c.r.WriteAheadFlowFileRepository Successfully checkpointed FlowFile Repository with 62 records in 0 milliseconds
2025-02-10 13:33:20,010 INFO [Checkpoint FlowFile Repository] o.a.n.c.r.WriteAheadFlowFileRepository Initiating checkpoint of FlowFile Repository
2025-02-10 13:33:20,066 INFO [Checkpoint FlowFile Repository] o.a.n.wali.SequentialAccessWriteAheadLog Checkpointed Write-Ahead Log with 62 Records and 0 Swap Files in 55 milliseconds (Stop-the-world time = 26 milliseconds), max Transaction ID 170270
2025-02-10 13:33:20,067 INFO [Checkpoint FlowFile Repository] o.a.n.c.r.WriteAheadFlowFileRepository Successfully checkpointed FlowFile Repository with 62 records in 56 milliseconds
2025-02-10 13:33:20,705 INFO [Cleanup Archive for default] o.a.n.c.repository.FileSystemRepository Successfully deleted 0 files (0 bytes) from archive
2025-02-10 13:33:20,705 INFO [Cleanup Archive for default] o.a.n.c.repository.FileSystemRepository Archive cleanup completed for container default; will now allow writing to this container. Bytes used = 164.5 GB, bytes free = 273.51 GB, capacity = 438.01 GB
2025-02-10 13:33:40,068 INFO [Checkpoint FlowFile Repository] o.a.n.c.r.WriteAheadFlowFileRepository Initiating checkpoint of FlowFile Repository
2025-02-10 13:33:40,069 INFO [Checkpoint FlowFile Repository] o.a.n.c.r.WriteAheadFlowFileRepository Successfully checkpointed FlowFile Repository with 62 records in 0 milliseconds
2025-02-10 13:34:00,070 INFO [Checkpoint FlowFile Repository] o.a.n.c.r.WriteAheadFlowFileRepository Initiating checkpoint of FlowFile Repository
2025-02-10 13:34:00,070 INFO [Checkpoint FlowFile Repository] o.a.n.c.r.WriteAheadFlowFileRepository Successfully checkpointed FlowFile Repository with 62 records in 0 milliseconds
2025-02-10 13:34:20,071 INFO [Checkpoint FlowFile Repository] o.a.n.c.r.WriteAheadFlowFileRepository Initiating checkpoint of FlowFile Repository
2025-02-10 13:34:20,104 INFO [Write-Ahead Local State Provider Maintenance] o.a.n.wali.SequentialAccessWriteAheadLog Checkpointed Write-Ahead Log with 21 Records and 0 Swap Files in 55 milliseconds (Stop-the-world time = 6 milliseconds), max Transaction ID 625
2025-02-10 13:34:20,156 INFO [Checkpoint FlowFile Repository] o.a.n.wali.SequentialAccessWriteAheadLog Checkpointed Write-Ahead Log with 62 Records and 0 Swap Files in 84 milliseconds (Stop-the-world time = 54 milliseconds), max Transaction ID 170276
2025-02-10 13:34:20,156 INFO [Checkpoint FlowFile Repository] o.a.n.c.r.WriteAheadFlowFileRepository Successfully checkpointed FlowFile Repository with 62 records in 84 milliseconds
2025-02-10 13:34:20,723 INFO [Cleanup Archive for default] o.a.n.c.repository.FileSystemRepository Successfully deleted 0 files (0 bytes) from archive
2025-02-10 13:34:20,724 INFO [Cleanup Archive for default] o.a.n.c.repository.FileSystemRepository Archive cleanup completed for container default; will now allow writing to this container. Bytes used = 164.5 GB, bytes free = 273.51 GB, capacity = 438.01 GB
2025-02-10 13:34:40,157 INFO [Checkpoint FlowFile Repository] o.a.n.c.r.WriteAheadFlowFileRepository Initiating checkpoint of FlowFile Repository
2025-02-10 13:34:40,157 INFO [Checkpoint FlowFile Repository] o.a.n.c.r.WriteAheadFlowFileRepository Successfully checkpointed FlowFile Repository with 62 records in 0 milliseconds
2025-02-10 13:35:00,158 INFO [Checkpoint FlowFile Repository] o.a.n.c.r.WriteAheadFlowFileRepository Initiating checkpoint of FlowFile Repository
2025-02-10 13:35:00,158 INFO [Checkpoint FlowFile Repository] o.a.n.c.r.WriteAheadFlowFileRepository Successfully checkpointed FlowFile Repository with 62 records in 0 milliseconds
2025-02-10 13:35:20,159 INFO [Checkpoint FlowFile Repository] o.a.n.c.r.WriteAheadFlowFileRepository Initiating checkpoint of FlowFile Repository
2025-02-10 13:35:20,210 INFO [Checkpoint FlowFile Repository] o.a.n.wali.SequentialAccessWriteAheadLog Checkpointed Write-Ahead Log with 62 Records and 0 Swap Files in 50 milliseconds (Stop-the-world time = 1 milliseconds), max Transaction ID 170282
2025-02-10 13:35:20,210 INFO [Checkpoint FlowFile Repository] o.a.n.c.r.WriteAheadFlowFileRepository Successfully checkpointed FlowFile Repository with 62 records in 50 milliseconds
2025-02-10 13:35:20,742 INFO [Cleanup Archive for default] o.a.n.c.repository.FileSystemRepository Successfully deleted 0 files (0 bytes) from archive
2025-02-10 13:35:20,743 INFO [Cleanup Archive for default] o.a.n.c.repository.FileSystemRepository Archive cleanup completed for container default; will now allow writing to this container. Bytes used = 164.5 GB, bytes free = 273.51 GB, capacity = 438.01 GB
2025-02-10 13:35:40,211 INFO [Checkpoint FlowFile Repository] o.a.n.c.r.WriteAheadFlowFileRepository Initiating checkpoint of FlowFile Repository
2025-02-10 13:35:40,212 INFO [Checkpoint FlowFile Repository] o.a.n.c.r.WriteAheadFlowFileRepository Successfully checkpointed FlowFile Repository with 62 records in 0 milliseconds
2025-02-10 13:36:00,213 INFO [Checkpoint FlowFile Repository] o.a.n.c.r.WriteAheadFlowFileRepository Initiating checkpoint of FlowFile Repository
2025-02-10 13:36:00,214 INFO [Checkpoint FlowFile Repository] o.a.n.c.r.WriteAheadFlowFileRepository Successfully checkpointed FlowFile Repository with 62 records in 0 milliseconds
2025-02-10 13:36:01,543 INFO [Timer-Driven Process Thread-6] o.a.n.p.store.WriteAheadStorePartition Successfully rolled over Event Writer for Provenance Event Store Partition[directory=./provenance_repository] due to MAX_TIME_REACHED. Event File was 48.1 KB and contained 80 events.
2025-02-10 13:36:20,159 INFO [Write-Ahead Local State Provider Maintenance] o.a.n.wali.SequentialAccessWriteAheadLog Checkpointed Write-Ahead Log with 21 Records and 0 Swap Files in 54 milliseconds (Stop-the-world time = 15 milliseconds), max Transaction ID 629
2025-02-10 13:36:20,215 INFO [Checkpoint FlowFile Repository] o.a.n.c.r.WriteAheadFlowFileRepository Initiating checkpoint of FlowFile Repository
2025-02-10 13:36:20,290 INFO [Checkpoint FlowFile Repository] o.a.n.wali.SequentialAccessWriteAheadLog Checkpointed Write-Ahead Log with 62 Records and 0 Swap Files in 74 milliseconds (Stop-the-world time = 43 milliseconds), max Transaction ID 170288
2025-02-10 13:36:20,291 INFO [Checkpoint FlowFile Repository] o.a.n.c.r.WriteAheadFlowFileRepository Successfully checkpointed FlowFile Repository with 62 records in 75 milliseconds
2025-02-10 13:36:20,761 INFO [Cleanup Archive for default] o.a.n.c.repository.FileSystemRepository Successfully deleted 0 files (0 bytes) from archive
2025-02-10 13:36:20,762 INFO [Cleanup Archive for default] o.a.n.c.repository.FileSystemRepository Archive cleanup completed for container default; will now allow writing to this container. Bytes used = 164.5 GB, bytes free = 273.51 GB, capacity = 438.01 GB
2025-02-10 13:36:40,291 INFO [Checkpoint FlowFile Repository] o.a.n.c.r.WriteAheadFlowFileRepository Initiating checkpoint of FlowFile Repository
2025-02-10 13:36:40,292 INFO [Checkpoint FlowFile Repository] o.a.n.c.r.WriteAheadFlowFileRepository Successfully checkpointed FlowFile Repository with 62 records in 0 milliseconds
2025-02-10 13:37:00,294 INFO [Checkpoint FlowFile Repository] o.a.n.c.r.WriteAheadFlowFileRepository Initiating checkpoint of FlowFile Repository
2025-02-10 13:37:00,294 INFO [Checkpoint FlowFile Repository] o.a.n.c.r.WriteAheadFlowFileRepository Successfully checkpointed FlowFile Repository with 62 records in 0 milliseconds
2025-02-10 13:37:20,295 INFO [Checkpoint FlowFile Repository] o.a.n.c.r.WriteAheadFlowFileRepository Initiating checkpoint of FlowFile Repository
2025-02-10 13:37:20,355 INFO [Checkpoint FlowFile Repository] o.a.n.wali.SequentialAccessWriteAheadLog Checkpointed Write-Ahead Log with 62 Records and 0 Swap Files in 59 milliseconds (Stop-the-world time = 28 milliseconds), max Transaction ID 170294
2025-02-10 13:37:20,356 INFO [Checkpoint FlowFile Repository] o.a.n.c.r.WriteAheadFlowFileRepository Successfully checkpointed FlowFile Repository with 62 records in 60 milliseconds
2025-02-10 13:37:20,780 INFO [Cleanup Archive for default] o.a.n.c.repository.FileSystemRepository Successfully deleted 0 files (0 bytes) from archive
2025-02-10 13:37:20,780 INFO [Cleanup Archive for default] o.a.n.c.repository.FileSystemRepository Archive cleanup completed for container default; will now allow writing to this container. Bytes used = 164.5 GB, bytes free = 273.51 GB, capacity = 438.01 GB
2025-02-10 13:37:40,356 INFO [Checkpoint FlowFile Repository] o.a.n.c.r.WriteAheadFlowFileRepository Initiating checkpoint of FlowFile Repository
2025-02-10 13:37:40,357 INFO [Checkpoint FlowFile Repository] o.a.n.c.r.WriteAheadFlowFileRepository Successfully checkpointed FlowFile Repository with 62 records in 0 milliseconds
2025-02-10 13:38:00,359 INFO [Checkpoint FlowFile Repository] o.a.n.c.r.WriteAheadFlowFileRepository Initiating checkpoint of FlowFile Repository
2025-02-10 13:38:00,359 INFO [Checkpoint FlowFile Repository] o.a.n.c.r.WriteAheadFlowFileRepository Successfully checkpointed FlowFile Repository with 62 records in 0 milliseconds
2025-02-10 13:38:20,194 INFO [Write-Ahead Local State Provider Maintenance] o.a.n.wali.SequentialAccessWriteAheadLog Checkpointed Write-Ahead Log with 21 Records and 0 Swap Files in 34 milliseconds (Stop-the-world time = 5 milliseconds), max Transaction ID 633
2025-02-10 13:38:20,360 INFO [Checkpoint FlowFile Repository] o.a.n.c.r.WriteAheadFlowFileRepository Initiating checkpoint of FlowFile Repository
2025-02-10 13:38:20,393 INFO [Checkpoint FlowFile Repository] o.a.n.wali.SequentialAccessWriteAheadLog Checkpointed Write-Ahead Log with 62 Records and 0 Swap Files in 32 milliseconds (Stop-the-world time = 1 milliseconds), max Transaction ID 170300
2025-02-10 13:38:20,393 INFO [Checkpoint FlowFile Repository] o.a.n.c.r.WriteAheadFlowFileRepository Successfully checkpointed FlowFile Repository with 62 records in 32 milliseconds
2025-02-10 13:38:20,796 INFO [Cleanup Archive for default] o.a.n.c.repository.FileSystemRepository Successfully deleted 0 files (0 bytes) from archive
2025-02-10 13:38:20,796 INFO [Cleanup Archive for default] o.a.n.c.repository.FileSystemRepository Archive cleanup completed for container default; will now allow writing to this container. Bytes used = 164.5 GB, bytes free = 273.51 GB, capacity = 438.01 GB
2025-02-10 13:38:40,394 INFO [Checkpoint FlowFile Repository] o.a.n.c.r.WriteAheadFlowFileRepository Initiating checkpoint of FlowFile Repository
2025-02-10 13:38:40,394 INFO [Checkpoint FlowFile Repository] o.a.n.c.r.WriteAheadFlowFileRepository Successfully checkpointed FlowFile Repository with 62 records in 0 milliseconds
2025-02-10 13:39:00,395 INFO [Checkpoint FlowFile Repository] o.a.n.c.r.WriteAheadFlowFileRepository Initiating checkpoint of FlowFile Repository
2025-02-10 13:39:00,396 INFO [Checkpoint FlowFile Repository] o.a.n.c.r.WriteAheadFlowFileRepository Successfully checkpointed FlowFile Repository with 62 records in 0 milliseconds
2025-02-10 13:39:20,397 INFO [Checkpoint FlowFile Repository] o.a.n.c.r.WriteAheadFlowFileRepository Initiating checkpoint of FlowFile Repository
2025-02-10 13:39:20,459 INFO [Checkpoint FlowFile Repository] o.a.n.wali.SequentialAccessWriteAheadLog Checkpointed Write-Ahead Log with 62 Records and 0 Swap Files in 61 milliseconds (Stop-the-world time = 31 milliseconds), max Transaction ID 170306
2025-02-10 13:39:20,459 INFO [Checkpoint FlowFile Repository] o.a.n.c.r.WriteAheadFlowFileRepository Successfully checkpointed FlowFile Repository with 62 records in 61 milliseconds
2025-02-10 13:39:20,803 INFO [Cleanup Archive for default] o.a.n.c.repository.FileSystemRepository Successfully deleted 0 files (0 bytes) from archive
2025-02-10 13:39:20,803 INFO [Cleanup Archive for default] o.a.n.c.repository.FileSystemRepository Archive cleanup completed for container default; will now allow writing to this container. Bytes used = 164.5 GB, bytes free = 273.51 GB, capacity = 438.01 GB
2025-02-10 13:39:40,459 INFO [Checkpoint FlowFile Repository] o.a.n.c.r.WriteAheadFlowFileRepository Initiating checkpoint of FlowFile Repository
2025-02-10 13:39:40,460 INFO [Checkpoint FlowFile Repository] o.a.n.c.r.WriteAheadFlowFileRepository Successfully checkpointed FlowFile Repository with 62 records in 0 milliseconds
2025-02-10 13:40:00,460 INFO [Checkpoint FlowFile Repository] o.a.n.c.r.WriteAheadFlowFileRepository Initiating checkpoint of FlowFile Repository
2025-02-10 13:40:00,461 INFO [Checkpoint FlowFile Repository] o.a.n.c.r.WriteAheadFlowFileRepository Successfully checkpointed FlowFile Repository with 62 records in 0 milliseconds
2025-02-10 13:40:20,245 INFO [Write-Ahead Local State Provider Maintenance] o.a.n.wali.SequentialAccessWriteAheadLog Checkpointed Write-Ahead Log with 21 Records and 0 Swap Files in 50 milliseconds (Stop-the-world time = 11 milliseconds), max Transaction ID 637
2025-02-10 13:40:20,462 INFO [Checkpoint FlowFile Repository] o.a.n.c.r.WriteAheadFlowFileRepository Initiating checkpoint of FlowFile Repository
2025-02-10 13:40:20,514 INFO [Checkpoint FlowFile Repository] o.a.n.wali.SequentialAccessWriteAheadLog Checkpointed Write-Ahead Log with 62 Records and 0 Swap Files in 51 milliseconds (Stop-the-world time = 23 milliseconds), max Transaction ID 170312
2025-02-10 13:40:20,514 INFO [Checkpoint FlowFile Repository] o.a.n.c.r.WriteAheadFlowFileRepository Successfully checkpointed FlowFile Repository with 62 records in 52 milliseconds
2025-02-10 13:40:20,808 INFO [Cleanup Archive for default] o.a.n.c.repository.FileSystemRepository Successfully deleted 0 files (0 bytes) from archive
2025-02-10 13:40:20,809 INFO [Cleanup Archive for default] o.a.n.c.repository.FileSystemRepository Archive cleanup completed for container default; will now allow writing to this container. Bytes used = 164.5 GB, bytes free = 273.5 GB, capacity = 438.01 GB
2025-02-10 13:40:40,515 INFO [Checkpoint FlowFile Repository] o.a.n.c.r.WriteAheadFlowFileRepository Initiating checkpoint of FlowFile Repository
2025-02-10 13:40:40,515 INFO [Checkpoint FlowFile Repository] o.a.n.c.r.WriteAheadFlowFileRepository Successfully checkpointed FlowFile Repository with 62 records in 0 milliseconds
2025-02-10 13:41:00,516 INFO [Checkpoint FlowFile Repository] o.a.n.c.r.WriteAheadFlowFileRepository Initiating checkpoint of FlowFile Repository
2025-02-10 13:41:00,516 INFO [Checkpoint FlowFile Repository] o.a.n.c.r.WriteAheadFlowFileRepository Successfully checkpointed FlowFile Repository with 62 records in 0 milliseconds
2025-02-10 13:41:20,517 INFO [Checkpoint FlowFile Repository] o.a.n.c.r.WriteAheadFlowFileRepository Initiating checkpoint of FlowFile Repository
2025-02-10 13:41:20,586 INFO [Checkpoint FlowFile Repository] o.a.n.wali.SequentialAccessWriteAheadLog Checkpointed Write-Ahead Log with 62 Records and 0 Swap Files in 68 milliseconds (Stop-the-world time = 31 milliseconds), max Transaction ID 170318
2025-02-10 13:41:20,586 INFO [Checkpoint FlowFile Repository] o.a.n.c.r.WriteAheadFlowFileRepository Successfully checkpointed FlowFile Repository with 62 records in 69 milliseconds
2025-02-10 13:41:20,823 INFO [Cleanup Archive for default] o.a.n.c.repository.FileSystemRepository Successfully deleted 0 files (0 bytes) from archive
2025-02-10 13:41:20,823 INFO [Cleanup Archive for default] o.a.n.c.repository.FileSystemRepository Archive cleanup completed for container default; will now allow writing to this container. Bytes used = 164.5 GB, bytes free = 273.5 GB, capacity = 438.01 GB
2025-02-10 13:41:40,587 INFO [Checkpoint FlowFile Repository] o.a.n.c.r.WriteAheadFlowFileRepository Initiating checkpoint of FlowFile Repository
2025-02-10 13:41:40,587 INFO [Checkpoint FlowFile Repository] o.a.n.c.r.WriteAheadFlowFileRepository Successfully checkpointed FlowFile Repository with 62 records in 0 milliseconds
2025-02-10 13:41:54,944 INFO [NiFi Web Server-169] o.a.nifi.groups.StandardProcessGroup QueryDatabaseTable[id=f0bd23fd-0194-1000-11eb-a42f2fb4ac33] added to StandardProcessGroup[identifier=d33bb322-0194-1000-0deb-ef5eaabe1d33,name=NiFi Flow]
2025-02-10 13:41:55,468 INFO [Flow Service Tasks Thread-1] o.a.nifi.controller.StandardFlowService Saved flow controller org.apache.nifi.controller.FlowController@4d5ae8c5 // Another save pending = false
2025-02-10 13:41:57,490 INFO [Flow Service Tasks Thread-1] o.a.nifi.controller.StandardFlowService Saved flow controller org.apache.nifi.controller.FlowController@4d5ae8c5 // Another save pending = false
2025-02-10 13:42:00,589 INFO [Checkpoint FlowFile Repository] o.a.n.c.r.WriteAheadFlowFileRepository Initiating checkpoint of FlowFile Repository
2025-02-10 13:42:00,589 INFO [Checkpoint FlowFile Repository] o.a.n.c.r.WriteAheadFlowFileRepository Successfully checkpointed FlowFile Repository with 62 records in 0 milliseconds
2025-02-10 13:42:06,010 INFO [Flow Service Tasks Thread-1] o.a.nifi.controller.StandardFlowService Saved flow controller org.apache.nifi.controller.FlowController@4d5ae8c5 // Another save pending = false
2025-02-10 13:42:10,536 INFO [Flow Service Tasks Thread-1] o.a.nifi.controller.StandardFlowService Saved flow controller org.apache.nifi.controller.FlowController@4d5ae8c5 // Another save pending = false
2025-02-10 13:42:20,256 INFO [Write-Ahead Local State Provider Maintenance] o.a.n.wali.SequentialAccessWriteAheadLog Checkpointed Write-Ahead Log with 21 Records and 0 Swap Files in 10 milliseconds (Stop-the-world time = 4 milliseconds), max Transaction ID 642
2025-02-10 13:42:20,589 INFO [Checkpoint FlowFile Repository] o.a.n.c.r.WriteAheadFlowFileRepository Initiating checkpoint of FlowFile Repository
2025-02-10 13:42:20,600 INFO [Checkpoint FlowFile Repository] o.a.n.wali.SequentialAccessWriteAheadLog Checkpointed Write-Ahead Log with 62 Records and 0 Swap Files in 10 milliseconds (Stop-the-world time = 5 milliseconds), max Transaction ID 170324
2025-02-10 13:42:20,600 INFO [Checkpoint FlowFile Repository] o.a.n.c.r.WriteAheadFlowFileRepository Successfully checkpointed FlowFile Repository with 62 records in 10 milliseconds
2025-02-10 13:42:20,835 INFO [Cleanup Archive for default] o.a.n.c.repository.FileSystemRepository Successfully deleted 0 files (0 bytes) from archive
2025-02-10 13:42:20,836 INFO [Cleanup Archive for default] o.a.n.c.repository.FileSystemRepository Archive cleanup completed for container default; will now allow writing to this container. Bytes used = 164.5 GB, bytes free = 273.5 GB, capacity = 438.01 GB
2025-02-10 13:42:40,601 INFO [Checkpoint FlowFile Repository] o.a.n.c.r.WriteAheadFlowFileRepository Initiating checkpoint of FlowFile Repository
2025-02-10 13:42:40,602 INFO [Checkpoint FlowFile Repository] o.a.n.c.r.WriteAheadFlowFileRepository Successfully checkpointed FlowFile Repository with 62 records in 0 milliseconds
2025-02-10 13:43:00,603 INFO [Checkpoint FlowFile Repository] o.a.n.c.r.WriteAheadFlowFileRepository Initiating checkpoint of FlowFile Repository
2025-02-10 13:43:00,604 INFO [Checkpoint FlowFile Repository] o.a.n.c.r.WriteAheadFlowFileRepository Successfully checkpointed FlowFile Repository with 62 records in 0 milliseconds
2025-02-10 13:43:20,605 INFO [Checkpoint FlowFile Repository] o.a.n.c.r.WriteAheadFlowFileRepository Initiating checkpoint of FlowFile Repository
2025-02-10 13:43:20,623 INFO [Checkpoint FlowFile Repository] o.a.n.wali.SequentialAccessWriteAheadLog Checkpointed Write-Ahead Log with 62 Records and 0 Swap Files in 18 milliseconds (Stop-the-world time = 7 milliseconds), max Transaction ID 170330
2025-02-10 13:43:20,624 INFO [Checkpoint FlowFile Repository] o.a.n.c.r.WriteAheadFlowFileRepository Successfully checkpointed FlowFile Repository with 62 records in 18 milliseconds
2025-02-10 13:43:20,854 INFO [Cleanup Archive for default] o.a.n.c.repository.FileSystemRepository Successfully deleted 0 files (0 bytes) from archive
2025-02-10 13:43:20,855 INFO [Cleanup Archive for default] o.a.n.c.repository.FileSystemRepository Archive cleanup completed for container default; will now allow writing to this container. Bytes used = 164.5 GB, bytes free = 273.5 GB, capacity = 438.01 GB
2025-02-10 13:43:40,624 INFO [Checkpoint FlowFile Repository] o.a.n.c.r.WriteAheadFlowFileRepository Initiating checkpoint of FlowFile Repository
2025-02-10 13:43:40,625 INFO [Checkpoint FlowFile Repository] o.a.n.c.r.WriteAheadFlowFileRepository Successfully checkpointed FlowFile Repository with 62 records in 0 milliseconds
2025-02-10 13:44:00,626 INFO [Checkpoint FlowFile Repository] o.a.n.c.r.WriteAheadFlowFileRepository Initiating checkpoint of FlowFile Repository
2025-02-10 13:44:00,626 INFO [Checkpoint FlowFile Repository] o.a.n.c.r.WriteAheadFlowFileRepository Successfully checkpointed FlowFile Repository with 62 records in 0 milliseconds
2025-02-10 13:44:20,270 INFO [Write-Ahead Local State Provider Maintenance] o.a.n.wali.SequentialAccessWriteAheadLog Checkpointed Write-Ahead Log with 21 Records and 0 Swap Files in 12 milliseconds (Stop-the-world time = 8 milliseconds), max Transaction ID 646
2025-02-10 13:44:20,629 INFO [Checkpoint FlowFile Repository] o.a.n.c.r.WriteAheadFlowFileRepository Initiating checkpoint of FlowFile Repository
2025-02-10 13:44:20,647 INFO [Checkpoint FlowFile Repository] o.a.n.wali.SequentialAccessWriteAheadLog Checkpointed Write-Ahead Log with 62 Records and 0 Swap Files in 17 milliseconds (Stop-the-world time = 9 milliseconds), max Transaction ID 170336
2025-02-10 13:44:20,647 INFO [Checkpoint FlowFile Repository] o.a.n.c.r.WriteAheadFlowFileRepository Successfully checkpointed FlowFile Repository with 62 records in 17 milliseconds
2025-02-10 13:44:20,872 INFO [Cleanup Archive for default] o.a.n.c.repository.FileSystemRepository Successfully deleted 0 files (0 bytes) from archive
2025-02-10 13:44:20,872 INFO [Cleanup Archive for default] o.a.n.c.repository.FileSystemRepository Archive cleanup completed for container default; will now allow writing to this container. Bytes used = 164.5 GB, bytes free = 273.5 GB, capacity = 438.01 GB
2025-02-10 13:44:40,647 INFO [Checkpoint FlowFile Repository] o.a.n.c.r.WriteAheadFlowFileRepository Initiating checkpoint of FlowFile Repository
2025-02-10 13:44:40,648 INFO [Checkpoint FlowFile Repository] o.a.n.c.r.WriteAheadFlowFileRepository Successfully checkpointed FlowFile Repository with 62 records in 0 milliseconds
2025-02-10 13:45:00,648 INFO [Checkpoint FlowFile Repository] o.a.n.c.r.WriteAheadFlowFileRepository Initiating checkpoint of FlowFile Repository
2025-02-10 13:45:00,648 INFO [Checkpoint FlowFile Repository] o.a.n.c.r.WriteAheadFlowFileRepository Successfully checkpointed FlowFile Repository with 62 records in 0 milliseconds
2025-02-10 13:45:20,648 INFO [Checkpoint FlowFile Repository] o.a.n.c.r.WriteAheadFlowFileRepository Initiating checkpoint of FlowFile Repository
2025-02-10 13:45:20,666 INFO [Checkpoint FlowFile Repository] o.a.n.wali.SequentialAccessWriteAheadLog Checkpointed Write-Ahead Log with 62 Records and 0 Swap Files in 17 milliseconds (Stop-the-world time = 5 milliseconds), max Transaction ID 170342
2025-02-10 13:45:20,666 INFO [Checkpoint FlowFile Repository] o.a.n.c.r.WriteAheadFlowFileRepository Successfully checkpointed FlowFile Repository with 62 records in 17 milliseconds
2025-02-10 13:45:20,881 INFO [Cleanup Archive for default] o.a.n.c.repository.FileSystemRepository Successfully deleted 0 files (0 bytes) from archive
2025-02-10 13:45:20,882 INFO [Cleanup Archive for default] o.a.n.c.repository.FileSystemRepository Archive cleanup completed for container default; will now allow writing to this container. Bytes used = 164.5 GB, bytes free = 273.5 GB, capacity = 438.01 GB
2025-02-10 13:45:40,667 INFO [Checkpoint FlowFile Repository] o.a.n.c.r.WriteAheadFlowFileRepository Initiating checkpoint of FlowFile Repository
2025-02-10 13:45:40,667 INFO [Checkpoint FlowFile Repository] o.a.n.c.r.WriteAheadFlowFileRepository Successfully checkpointed FlowFile Repository with 62 records in 0 milliseconds
2025-02-10 13:46:00,667 INFO [Checkpoint FlowFile Repository] o.a.n.c.r.WriteAheadFlowFileRepository Initiating checkpoint of FlowFile Repository
2025-02-10 13:46:00,667 INFO [Checkpoint FlowFile Repository] o.a.n.c.r.WriteAheadFlowFileRepository Successfully checkpointed FlowFile Repository with 62 records in 0 milliseconds
2025-02-10 13:46:01,597 INFO [Timer-Driven Process Thread-5] o.a.n.p.store.WriteAheadStorePartition Successfully rolled over Event Writer for Provenance Event Store Partition[directory=./provenance_repository] due to MAX_TIME_REACHED. Event File was 48.1 KB and contained 80 events.
2025-02-10 13:46:17,624 INFO [Flow Service Tasks Thread-1] o.a.nifi.controller.StandardFlowService Saved flow controller org.apache.nifi.controller.FlowController@4d5ae8c5 // Another save pending = false
2025-02-10 13:46:20,280 INFO [Write-Ahead Local State Provider Maintenance] o.a.n.wali.SequentialAccessWriteAheadLog Checkpointed Write-Ahead Log with 21 Records and 0 Swap Files in 9 milliseconds (Stop-the-world time = 5 milliseconds), max Transaction ID 650
2025-02-10 13:46:20,667 INFO [Checkpoint FlowFile Repository] o.a.n.c.r.WriteAheadFlowFileRepository Initiating checkpoint of FlowFile Repository
2025-02-10 13:46:20,688 INFO [Checkpoint FlowFile Repository] o.a.n.wali.SequentialAccessWriteAheadLog Checkpointed Write-Ahead Log with 62 Records and 0 Swap Files in 20 milliseconds (Stop-the-world time = 8 milliseconds), max Transaction ID 170348
2025-02-10 13:46:20,688 INFO [Checkpoint FlowFile Repository] o.a.n.c.r.WriteAheadFlowFileRepository Successfully checkpointed FlowFile Repository with 62 records in 20 milliseconds
2025-02-10 13:46:20,897 INFO [Cleanup Archive for default] o.a.n.c.repository.FileSystemRepository Successfully deleted 0 files (0 bytes) from archive
2025-02-10 13:46:20,897 INFO [Cleanup Archive for default] o.a.n.c.repository.FileSystemRepository Archive cleanup completed for container default; will now allow writing to this container. Bytes used = 164.5 GB, bytes free = 273.5 GB, capacity = 438.01 GB
2025-02-10 13:46:26,668 INFO [NiFi Web Server-160] o.a.nifi.groups.StandardProcessGroup UpdateRecord[id=f0c1496b-0194-1000-52a5-f57d61e1142c] added to StandardProcessGroup[identifier=d33bb322-0194-1000-0deb-ef5eaabe1d33,name=NiFi Flow]
2025-02-10 13:46:27,142 INFO [Flow Service Tasks Thread-2] o.a.nifi.controller.StandardFlowService Saved flow controller org.apache.nifi.controller.FlowController@4d5ae8c5 // Another save pending = false
2025-02-10 13:46:30,181 INFO [Flow Service Tasks Thread-2] o.a.nifi.controller.StandardFlowService Saved flow controller org.apache.nifi.controller.FlowController@4d5ae8c5 // Another save pending = false
2025-02-10 13:46:34,708 INFO [Flow Service Tasks Thread-1] o.a.nifi.controller.StandardFlowService Saved flow controller org.apache.nifi.controller.FlowController@4d5ae8c5 // Another save pending = false
2025-02-10 13:46:38,722 INFO [Flow Service Tasks Thread-1] o.a.nifi.controller.StandardFlowService Saved flow controller org.apache.nifi.controller.FlowController@4d5ae8c5 // Another save pending = false
2025-02-10 13:46:40,688 INFO [Checkpoint FlowFile Repository] o.a.n.c.r.WriteAheadFlowFileRepository Initiating checkpoint of FlowFile Repository
2025-02-10 13:46:40,689 INFO [Checkpoint FlowFile Repository] o.a.n.c.r.WriteAheadFlowFileRepository Successfully checkpointed FlowFile Repository with 62 records in 0 milliseconds
2025-02-10 13:47:00,689 INFO [Checkpoint FlowFile Repository] o.a.n.c.r.WriteAheadFlowFileRepository Initiating checkpoint of FlowFile Repository
2025-02-10 13:47:00,690 INFO [Checkpoint FlowFile Repository] o.a.n.c.r.WriteAheadFlowFileRepository Successfully checkpointed FlowFile Repository with 62 records in 0 milliseconds
2025-02-10 13:47:20,690 INFO [Checkpoint FlowFile Repository] o.a.n.c.r.WriteAheadFlowFileRepository Initiating checkpoint of FlowFile Repository
2025-02-10 13:47:20,701 INFO [Checkpoint FlowFile Repository] o.a.n.wali.SequentialAccessWriteAheadLog Checkpointed Write-Ahead Log with 62 Records and 0 Swap Files in 10 milliseconds (Stop-the-world time = 5 milliseconds), max Transaction ID 170354
2025-02-10 13:47:20,701 INFO [Checkpoint FlowFile Repository] o.a.n.c.r.WriteAheadFlowFileRepository Successfully checkpointed FlowFile Repository with 62 records in 10 milliseconds
2025-02-10 13:47:20,907 INFO [Cleanup Archive for default] o.a.n.c.repository.FileSystemRepository Successfully deleted 0 files (0 bytes) from archive
2025-02-10 13:47:20,907 INFO [Cleanup Archive for default] o.a.n.c.repository.FileSystemRepository Archive cleanup completed for container default; will now allow writing to this container. Bytes used = 164.5 GB, bytes free = 273.5 GB, capacity = 438.01 GB
2025-02-10 13:47:31,775 INFO [Flow Service Tasks Thread-1] o.a.nifi.controller.StandardFlowService Saved flow controller org.apache.nifi.controller.FlowController@4d5ae8c5 // Another save pending = false
2025-02-10 13:47:36,928 INFO [NiFi Web Server-139] o.a.nifi.groups.StandardProcessGroup LogMessage[id=f0c25bdd-0194-1000-8f29-ca117c823113] added to StandardProcessGroup[identifier=d33bb322-0194-1000-0deb-ef5eaabe1d33,name=NiFi Flow]
2025-02-10 13:47:37,315 INFO [Flow Service Tasks Thread-1] o.a.nifi.controller.StandardFlowService Saved flow controller org.apache.nifi.controller.FlowController@4d5ae8c5 // Another save pending = false
2025-02-10 13:47:39,334 INFO [Flow Service Tasks Thread-1] o.a.nifi.controller.StandardFlowService Saved flow controller org.apache.nifi.controller.FlowController@4d5ae8c5 // Another save pending = false
2025-02-10 13:47:40,701 INFO [Checkpoint FlowFile Repository] o.a.n.c.r.WriteAheadFlowFileRepository Initiating checkpoint of FlowFile Repository
2025-02-10 13:47:40,701 INFO [Checkpoint FlowFile Repository] o.a.n.c.r.WriteAheadFlowFileRepository Successfully checkpointed FlowFile Repository with 62 records in 0 milliseconds
2025-02-10 13:47:44,847 INFO [Flow Service Tasks Thread-1] o.a.nifi.controller.StandardFlowService Saved flow controller org.apache.nifi.controller.FlowController@4d5ae8c5 // Another save pending = false
2025-02-10 13:47:58,859 INFO [NiFi Web Server-172] o.a.nifi.groups.StandardProcessGroup PutDatabaseRecord[id=f0c2b189-0194-1000-bf47-5c14a71bfd56] added to StandardProcessGroup[identifier=d33bb322-0194-1000-0deb-ef5eaabe1d33,name=NiFi Flow]
2025-02-10 13:47:59,388 INFO [Flow Service Tasks Thread-1] o.a.nifi.controller.StandardFlowService Saved flow controller org.apache.nifi.controller.FlowController@4d5ae8c5 // Another save pending = false
2025-02-10 13:48:00,702 INFO [Checkpoint FlowFile Repository] o.a.n.c.r.WriteAheadFlowFileRepository Initiating checkpoint of FlowFile Repository
2025-02-10 13:48:00,702 INFO [Checkpoint FlowFile Repository] o.a.n.c.r.WriteAheadFlowFileRepository Successfully checkpointed FlowFile Repository with 62 records in 0 milliseconds
2025-02-10 13:48:05,409 INFO [Flow Service Tasks Thread-1] o.a.nifi.controller.StandardFlowService Saved flow controller org.apache.nifi.controller.FlowController@4d5ae8c5 // Another save pending = false
2025-02-10 13:48:11,937 INFO [Flow Service Tasks Thread-1] o.a.nifi.controller.StandardFlowService Saved flow controller org.apache.nifi.controller.FlowController@4d5ae8c5 // Another save pending = false
2025-02-10 13:48:13,955 INFO [Flow Service Tasks Thread-1] o.a.nifi.controller.StandardFlowService Saved flow controller org.apache.nifi.controller.FlowController@4d5ae8c5 // Another save pending = false
2025-02-10 13:48:20,289 INFO [Write-Ahead Local State Provider Maintenance] o.a.n.wali.SequentialAccessWriteAheadLog Checkpointed Write-Ahead Log with 21 Records and 0 Swap Files in 7 milliseconds (Stop-the-world time = 2 milliseconds), max Transaction ID 654
2025-02-10 13:48:20,703 INFO [Checkpoint FlowFile Repository] o.a.n.c.r.WriteAheadFlowFileRepository Initiating checkpoint of FlowFile Repository
2025-02-10 13:48:20,714 INFO [Checkpoint FlowFile Repository] o.a.n.wali.SequentialAccessWriteAheadLog Checkpointed Write-Ahead Log with 62 Records and 0 Swap Files in 11 milliseconds (Stop-the-world time = 3 milliseconds), max Transaction ID 170360
2025-02-10 13:48:20,715 INFO [Checkpoint FlowFile Repository] o.a.n.c.r.WriteAheadFlowFileRepository Successfully checkpointed FlowFile Repository with 62 records in 11 milliseconds
2025-02-10 13:48:20,925 INFO [Cleanup Archive for default] o.a.n.c.repository.FileSystemRepository Successfully deleted 0 files (0 bytes) from archive
2025-02-10 13:48:20,926 INFO [Cleanup Archive for default] o.a.n.c.repository.FileSystemRepository Archive cleanup completed for container default; will now allow writing to this container. Bytes used = 164.5 GB, bytes free = 273.5 GB, capacity = 438.01 GB
2025-02-10 13:48:40,715 INFO [Checkpoint FlowFile Repository] o.a.n.c.r.WriteAheadFlowFileRepository Initiating checkpoint of FlowFile Repository
2025-02-10 13:48:40,716 INFO [Checkpoint FlowFile Repository] o.a.n.c.r.WriteAheadFlowFileRepository Successfully checkpointed FlowFile Repository with 62 records in 0 milliseconds
2025-02-10 13:49:00,716 INFO [Checkpoint FlowFile Repository] o.a.n.c.r.WriteAheadFlowFileRepository Initiating checkpoint of FlowFile Repository
2025-02-10 13:49:00,717 INFO [Checkpoint FlowFile Repository] o.a.n.c.r.WriteAheadFlowFileRepository Successfully checkpointed FlowFile Repository with 62 records in 0 milliseconds
2025-02-10 13:49:01,997 INFO [Flow Service Tasks Thread-1] o.a.nifi.controller.StandardFlowService Saved flow controller org.apache.nifi.controller.FlowController@4d5ae8c5 // Another save pending = false
2025-02-10 13:49:15,523 INFO [Flow Service Tasks Thread-1] o.a.nifi.controller.StandardFlowService Saved flow controller org.apache.nifi.controller.FlowController@4d5ae8c5 // Another save pending = false
2025-02-10 13:49:20,718 INFO [Checkpoint FlowFile Repository] o.a.n.c.r.WriteAheadFlowFileRepository Initiating checkpoint of FlowFile Repository
2025-02-10 13:49:20,732 INFO [Checkpoint FlowFile Repository] o.a.n.wali.SequentialAccessWriteAheadLog Checkpointed Write-Ahead Log with 62 Records and 0 Swap Files in 14 milliseconds (Stop-the-world time = 6 milliseconds), max Transaction ID 170366
2025-02-10 13:49:20,732 INFO [Checkpoint FlowFile Repository] o.a.n.c.r.WriteAheadFlowFileRepository Successfully checkpointed FlowFile Repository with 62 records in 14 milliseconds
2025-02-10 13:49:20,938 INFO [Cleanup Archive for default] o.a.n.c.repository.FileSystemRepository Successfully deleted 0 files (0 bytes) from archive
2025-02-10 13:49:20,939 INFO [Cleanup Archive for default] o.a.n.c.repository.FileSystemRepository Archive cleanup completed for container default; will now allow writing to this container. Bytes used = 164.5 GB, bytes free = 273.5 GB, capacity = 438.01 GB
2025-02-10 13:49:40,734 INFO [Checkpoint FlowFile Repository] o.a.n.c.r.WriteAheadFlowFileRepository Initiating checkpoint of FlowFile Repository
2025-02-10 13:49:40,735 INFO [Checkpoint FlowFile Repository] o.a.n.c.r.WriteAheadFlowFileRepository Successfully checkpointed FlowFile Repository with 62 records in 0 milliseconds
2025-02-10 13:49:54,070 INFO [Flow Service Tasks Thread-2] o.a.nifi.controller.StandardFlowService Saved flow controller org.apache.nifi.controller.FlowController@4d5ae8c5 // Another save pending = false
2025-02-10 13:50:00,735 INFO [Checkpoint FlowFile Repository] o.a.n.c.r.WriteAheadFlowFileRepository Initiating checkpoint of FlowFile Repository
2025-02-10 13:50:00,736 INFO [Checkpoint FlowFile Repository] o.a.n.c.r.WriteAheadFlowFileRepository Successfully checkpointed FlowFile Repository with 62 records in 0 milliseconds
2025-02-10 13:50:20,300 INFO [Write-Ahead Local State Provider Maintenance] o.a.n.wali.SequentialAccessWriteAheadLog Checkpointed Write-Ahead Log with 21 Records and 0 Swap Files in 9 milliseconds (Stop-the-world time = 3 milliseconds), max Transaction ID 658
2025-02-10 13:50:20,737 INFO [Checkpoint FlowFile Repository] o.a.n.c.r.WriteAheadFlowFileRepository Initiating checkpoint of FlowFile Repository
2025-02-10 13:50:20,754 INFO [Checkpoint FlowFile Repository] o.a.n.wali.SequentialAccessWriteAheadLog Checkpointed Write-Ahead Log with 62 Records and 0 Swap Files in 16 milliseconds (Stop-the-world time = 8 milliseconds), max Transaction ID 170372
2025-02-10 13:50:20,754 INFO [Checkpoint FlowFile Repository] o.a.n.c.r.WriteAheadFlowFileRepository Successfully checkpointed FlowFile Repository with 62 records in 16 milliseconds
2025-02-10 13:50:20,944 INFO [Cleanup Archive for default] o.a.n.c.repository.FileSystemRepository Successfully deleted 0 files (0 bytes) from archive
2025-02-10 13:50:20,945 INFO [Cleanup Archive for default] o.a.n.c.repository.FileSystemRepository Archive cleanup completed for container default; will now allow writing to this container. Bytes used = 164.5 GB, bytes free = 273.5 GB, capacity = 438.01 GB
2025-02-10 13:50:34,101 INFO [Flow Service Tasks Thread-1] o.a.nifi.controller.StandardFlowService Saved flow controller org.apache.nifi.controller.FlowController@4d5ae8c5 // Another save pending = false
2025-02-10 13:50:40,755 INFO [Checkpoint FlowFile Repository] o.a.n.c.r.WriteAheadFlowFileRepository Initiating checkpoint of FlowFile Repository
2025-02-10 13:50:40,755 INFO [Checkpoint FlowFile Repository] o.a.n.c.r.WriteAheadFlowFileRepository Successfully checkpointed FlowFile Repository with 62 records in 0 milliseconds
2025-02-10 13:51:00,756 INFO [Checkpoint FlowFile Repository] o.a.n.c.r.WriteAheadFlowFileRepository Initiating checkpoint of FlowFile Repository
2025-02-10 13:51:00,756 INFO [Checkpoint FlowFile Repository] o.a.n.c.r.WriteAheadFlowFileRepository Successfully checkpointed FlowFile Repository with 62 records in 0 milliseconds
2025-02-10 13:51:20,758 INFO [Checkpoint FlowFile Repository] o.a.n.c.r.WriteAheadFlowFileRepository Initiating checkpoint of FlowFile Repository
2025-02-10 13:51:20,779 INFO [Checkpoint FlowFile Repository] o.a.n.wali.SequentialAccessWriteAheadLog Checkpointed Write-Ahead Log with 62 Records and 0 Swap Files in 19 milliseconds (Stop-the-world time = 8 milliseconds), max Transaction ID 170378
2025-02-10 13:51:20,779 INFO [Checkpoint FlowFile Repository] o.a.n.c.r.WriteAheadFlowFileRepository Successfully checkpointed FlowFile Repository with 62 records in 19 milliseconds
2025-02-10 13:51:20,962 INFO [Cleanup Archive for default] o.a.n.c.repository.FileSystemRepository Successfully deleted 0 files (0 bytes) from archive
2025-02-10 13:51:20,963 INFO [Cleanup Archive for default] o.a.n.c.repository.FileSystemRepository Archive cleanup completed for container default; will now allow writing to this container. Bytes used = 164.5 GB, bytes free = 273.5 GB, capacity = 438.01 GB
2025-02-10 13:51:40,779 INFO [Checkpoint FlowFile Repository] o.a.n.c.r.WriteAheadFlowFileRepository Initiating checkpoint of FlowFile Repository
2025-02-10 13:51:40,780 INFO [Checkpoint FlowFile Repository] o.a.n.c.r.WriteAheadFlowFileRepository Successfully checkpointed FlowFile Repository with 62 records in 0 milliseconds
2025-02-10 13:51:55,390 INFO [NiFi Web Server-179] o.a.nifi.groups.StandardProcessGroup LogMessage[id=f0c64d7d-0194-1000-7b12-715b315ac7b9] added to StandardProcessGroup[identifier=d33bb322-0194-1000-0deb-ef5eaabe1d33,name=NiFi Flow]
2025-02-10 13:51:55,659 INFO [Flow Service Tasks Thread-1] o.a.nifi.controller.StandardFlowService Saved flow controller org.apache.nifi.controller.FlowController@4d5ae8c5 // Another save pending = false
2025-02-10 13:51:58,179 INFO [Flow Service Tasks Thread-1] o.a.nifi.controller.StandardFlowService Saved flow controller org.apache.nifi.controller.FlowController@4d5ae8c5 // Another save pending = false
2025-02-10 13:52:00,781 INFO [Checkpoint FlowFile Repository] o.a.n.c.r.WriteAheadFlowFileRepository Initiating checkpoint of FlowFile Repository
2025-02-10 13:52:00,782 INFO [Checkpoint FlowFile Repository] o.a.n.c.r.WriteAheadFlowFileRepository Successfully checkpointed FlowFile Repository with 62 records in 0 milliseconds
2025-02-10 13:52:03,695 INFO [Flow Service Tasks Thread-1] o.a.nifi.controller.StandardFlowService Saved flow controller org.apache.nifi.controller.FlowController@4d5ae8c5 // Another save pending = false
2025-02-10 13:52:18,714 INFO [Flow Service Tasks Thread-1] o.a.nifi.controller.StandardFlowService Saved flow controller org.apache.nifi.controller.FlowController@4d5ae8c5 // Another save pending = false
2025-02-10 13:52:20,308 INFO [Write-Ahead Local State Provider Maintenance] o.a.n.wali.SequentialAccessWriteAheadLog Checkpointed Write-Ahead Log with 21 Records and 0 Swap Files in 7 milliseconds (Stop-the-world time = 3 milliseconds), max Transaction ID 662
2025-02-10 13:52:20,782 INFO [Checkpoint FlowFile Repository] o.a.n.c.r.WriteAheadFlowFileRepository Initiating checkpoint of FlowFile Repository
2025-02-10 13:52:20,792 INFO [Checkpoint FlowFile Repository] o.a.n.wali.SequentialAccessWriteAheadLog Checkpointed Write-Ahead Log with 62 Records and 0 Swap Files in 9 milliseconds (Stop-the-world time = 5 milliseconds), max Transaction ID 170384
2025-02-10 13:52:20,792 INFO [Checkpoint FlowFile Repository] o.a.n.c.r.WriteAheadFlowFileRepository Successfully checkpointed FlowFile Repository with 62 records in 9 milliseconds
2025-02-10 13:52:20,968 INFO [Cleanup Archive for default] o.a.n.c.repository.FileSystemRepository Successfully deleted 0 files (0 bytes) from archive
2025-02-10 13:52:20,968 INFO [Cleanup Archive for default] o.a.n.c.repository.FileSystemRepository Archive cleanup completed for container default; will now allow writing to this container. Bytes used = 164.5 GB, bytes free = 273.5 GB, capacity = 438.01 GB
2025-02-10 13:52:21,228 INFO [Flow Service Tasks Thread-2] o.a.nifi.controller.StandardFlowService Saved flow controller org.apache.nifi.controller.FlowController@4d5ae8c5 // Another save pending = false
2025-02-10 13:52:40,792 INFO [Checkpoint FlowFile Repository] o.a.n.c.r.WriteAheadFlowFileRepository Initiating checkpoint of FlowFile Repository
2025-02-10 13:52:40,793 INFO [Checkpoint FlowFile Repository] o.a.n.c.r.WriteAheadFlowFileRepository Successfully checkpointed FlowFile Repository with 62 records in 0 milliseconds
2025-02-10 13:53:00,793 INFO [Checkpoint FlowFile Repository] o.a.n.c.r.WriteAheadFlowFileRepository Initiating checkpoint of FlowFile Repository
2025-02-10 13:53:00,794 INFO [Checkpoint FlowFile Repository] o.a.n.c.r.WriteAheadFlowFileRepository Successfully checkpointed FlowFile Repository with 62 records in 0 milliseconds
2025-02-10 13:53:20,758 INFO [Flow Service Tasks Thread-1] o.a.nifi.controller.StandardFlowService Saved flow controller org.apache.nifi.controller.FlowController@4d5ae8c5 // Another save pending = false
2025-02-10 13:53:20,794 INFO [Checkpoint FlowFile Repository] o.a.n.c.r.WriteAheadFlowFileRepository Initiating checkpoint of FlowFile Repository
2025-02-10 13:53:20,803 INFO [Checkpoint FlowFile Repository] o.a.n.wali.SequentialAccessWriteAheadLog Checkpointed Write-Ahead Log with 62 Records and 0 Swap Files in 9 milliseconds (Stop-the-world time = 4 milliseconds), max Transaction ID 170390
2025-02-10 13:53:20,804 INFO [Checkpoint FlowFile Repository] o.a.n.c.r.WriteAheadFlowFileRepository Successfully checkpointed FlowFile Repository with 62 records in 9 milliseconds
2025-02-10 13:53:20,974 INFO [Cleanup Archive for default] o.a.n.c.repository.FileSystemRepository Successfully deleted 0 files (0 bytes) from archive
2025-02-10 13:53:20,974 INFO [Cleanup Archive for default] o.a.n.c.repository.FileSystemRepository Archive cleanup completed for container default; will now allow writing to this container. Bytes used = 164.51 GB, bytes free = 273.5 GB, capacity = 438.01 GB
2025-02-10 13:53:40,804 INFO [Checkpoint FlowFile Repository] o.a.n.c.r.WriteAheadFlowFileRepository Initiating checkpoint of FlowFile Repository
2025-02-10 13:53:40,805 INFO [Checkpoint FlowFile Repository] o.a.n.c.r.WriteAheadFlowFileRepository Successfully checkpointed FlowFile Repository with 62 records in 0 milliseconds
2025-02-10 13:54:00,806 INFO [Checkpoint FlowFile Repository] o.a.n.c.r.WriteAheadFlowFileRepository Initiating checkpoint of FlowFile Repository
2025-02-10 13:54:00,807 INFO [Checkpoint FlowFile Repository] o.a.n.c.r.WriteAheadFlowFileRepository Successfully checkpointed FlowFile Repository with 62 records in 0 milliseconds
2025-02-10 13:54:20,317 INFO [Write-Ahead Local State Provider Maintenance] o.a.n.wali.SequentialAccessWriteAheadLog Checkpointed Write-Ahead Log with 21 Records and 0 Swap Files in 7 milliseconds (Stop-the-world time = 3 milliseconds), max Transaction ID 666
2025-02-10 13:54:20,807 INFO [Checkpoint FlowFile Repository] o.a.n.c.r.WriteAheadFlowFileRepository Initiating checkpoint of FlowFile Repository
2025-02-10 13:54:20,814 INFO [Checkpoint FlowFile Repository] o.a.n.wali.SequentialAccessWriteAheadLog Checkpointed Write-Ahead Log with 62 Records and 0 Swap Files in 6 milliseconds (Stop-the-world time = 2 milliseconds), max Transaction ID 170396
2025-02-10 13:54:20,815 INFO [Checkpoint FlowFile Repository] o.a.n.c.r.WriteAheadFlowFileRepository Successfully checkpointed FlowFile Repository with 62 records in 7 milliseconds
2025-02-10 13:54:20,981 INFO [Cleanup Archive for default] o.a.n.c.repository.FileSystemRepository Successfully deleted 0 files (0 bytes) from archive
2025-02-10 13:54:20,982 INFO [Cleanup Archive for default] o.a.n.c.repository.FileSystemRepository Archive cleanup completed for container default; will now allow writing to this container. Bytes used = 164.51 GB, bytes free = 273.5 GB, capacity = 438.01 GB
2025-02-10 13:54:39,885 INFO [NiFi Web Server-168] o.a.nifi.groups.StandardProcessGroup UpdateRecord[id=f0c8d00b-0194-1000-c596-89910116f0f3] added to StandardProcessGroup[identifier=d33bb322-0194-1000-0deb-ef5eaabe1d33,name=NiFi Flow]
2025-02-10 13:54:40,302 INFO [Flow Service Tasks Thread-1] o.a.nifi.controller.StandardFlowService Saved flow controller org.apache.nifi.controller.FlowController@4d5ae8c5 // Another save pending = false
2025-02-10 13:54:40,815 INFO [Checkpoint FlowFile Repository] o.a.n.c.r.WriteAheadFlowFileRepository Initiating checkpoint of FlowFile Repository
2025-02-10 13:54:40,816 INFO [Checkpoint FlowFile Repository] o.a.n.c.r.WriteAheadFlowFileRepository Successfully checkpointed FlowFile Repository with 62 records in 0 milliseconds
2025-02-10 13:54:42,323 INFO [Flow Service Tasks Thread-1] o.a.nifi.controller.StandardFlowService Saved flow controller org.apache.nifi.controller.FlowController@4d5ae8c5 // Another save pending = false
2025-02-10 13:54:48,338 INFO [Flow Service Tasks Thread-1] o.a.nifi.controller.StandardFlowService Saved flow controller org.apache.nifi.controller.FlowController@4d5ae8c5 // Another save pending = false
2025-02-10 13:55:00,817 INFO [Checkpoint FlowFile Repository] o.a.n.c.r.WriteAheadFlowFileRepository Initiating checkpoint of FlowFile Repository
2025-02-10 13:55:00,817 INFO [Checkpoint FlowFile Repository] o.a.n.c.r.WriteAheadFlowFileRepository Successfully checkpointed FlowFile Repository with 62 records in 0 milliseconds
2025-02-10 13:55:20,819 INFO [Checkpoint FlowFile Repository] o.a.n.c.r.WriteAheadFlowFileRepository Initiating checkpoint of FlowFile Repository
2025-02-10 13:55:20,833 INFO [Checkpoint FlowFile Repository] o.a.n.wali.SequentialAccessWriteAheadLog Checkpointed Write-Ahead Log with 62 Records and 0 Swap Files in 13 milliseconds (Stop-the-world time = 7 milliseconds), max Transaction ID 170402
2025-02-10 13:55:20,834 INFO [Checkpoint FlowFile Repository] o.a.n.c.r.WriteAheadFlowFileRepository Successfully checkpointed FlowFile Repository with 62 records in 13 milliseconds
2025-02-10 13:55:20,992 INFO [Cleanup Archive for default] o.a.n.c.repository.FileSystemRepository Successfully deleted 0 files (0 bytes) from archive
2025-02-10 13:55:20,992 INFO [Cleanup Archive for default] o.a.n.c.repository.FileSystemRepository Archive cleanup completed for container default; will now allow writing to this container. Bytes used = 164.51 GB, bytes free = 273.5 GB, capacity = 438.01 GB
2025-02-10 13:55:40,834 INFO [Checkpoint FlowFile Repository] o.a.n.c.r.WriteAheadFlowFileRepository Initiating checkpoint of FlowFile Repository
2025-02-10 13:55:40,835 INFO [Checkpoint FlowFile Repository] o.a.n.c.r.WriteAheadFlowFileRepository Successfully checkpointed FlowFile Repository with 62 records in 0 milliseconds
2025-02-10 13:56:00,835 INFO [Checkpoint FlowFile Repository] o.a.n.c.r.WriteAheadFlowFileRepository Initiating checkpoint of FlowFile Repository
2025-02-10 13:56:00,835 INFO [Checkpoint FlowFile Repository] o.a.n.c.r.WriteAheadFlowFileRepository Successfully checkpointed FlowFile Repository with 62 records in 0 milliseconds
2025-02-10 13:56:01,672 INFO [Timer-Driven Process Thread-10] o.a.n.p.store.WriteAheadStorePartition Successfully rolled over Event Writer for Provenance Event Store Partition[directory=./provenance_repository] due to MAX_TIME_REACHED. Event File was 48.14 KB and contained 80 events.
2025-02-10 13:56:20,327 INFO [Write-Ahead Local State Provider Maintenance] o.a.n.wali.SequentialAccessWriteAheadLog Checkpointed Write-Ahead Log with 21 Records and 0 Swap Files in 9 milliseconds (Stop-the-world time = 3 milliseconds), max Transaction ID 670
2025-02-10 13:56:20,836 INFO [Checkpoint FlowFile Repository] o.a.n.c.r.WriteAheadFlowFileRepository Initiating checkpoint of FlowFile Repository
2025-02-10 13:56:20,843 INFO [Checkpoint FlowFile Repository] o.a.n.wali.SequentialAccessWriteAheadLog Checkpointed Write-Ahead Log with 62 Records and 0 Swap Files in 7 milliseconds (Stop-the-world time = 2 milliseconds), max Transaction ID 170408
2025-02-10 13:56:20,843 INFO [Checkpoint FlowFile Repository] o.a.n.c.r.WriteAheadFlowFileRepository Successfully checkpointed FlowFile Repository with 62 records in 7 milliseconds
2025-02-10 13:56:20,999 INFO [Cleanup Archive for default] o.a.n.c.repository.FileSystemRepository Successfully deleted 0 files (0 bytes) from archive
2025-02-10 13:56:20,999 INFO [Cleanup Archive for default] o.a.n.c.repository.FileSystemRepository Archive cleanup completed for container default; will now allow writing to this container. Bytes used = 164.51 GB, bytes free = 273.5 GB, capacity = 438.01 GB
2025-02-10 13:56:40,843 INFO [Checkpoint FlowFile Repository] o.a.n.c.r.WriteAheadFlowFileRepository Initiating checkpoint of FlowFile Repository
2025-02-10 13:56:40,844 INFO [Checkpoint FlowFile Repository] o.a.n.c.r.WriteAheadFlowFileRepository Successfully checkpointed FlowFile Repository with 62 records in 0 milliseconds
2025-02-10 13:57:00,844 INFO [Checkpoint FlowFile Repository] o.a.n.c.r.WriteAheadFlowFileRepository Initiating checkpoint of FlowFile Repository
2025-02-10 13:57:00,844 INFO [Checkpoint FlowFile Repository] o.a.n.c.r.WriteAheadFlowFileRepository Successfully checkpointed FlowFile Repository with 62 records in 0 milliseconds
2025-02-10 13:57:20,844 INFO [Checkpoint FlowFile Repository] o.a.n.c.r.WriteAheadFlowFileRepository Initiating checkpoint of FlowFile Repository
2025-02-10 13:57:20,865 INFO [Checkpoint FlowFile Repository] o.a.n.wali.SequentialAccessWriteAheadLog Checkpointed Write-Ahead Log with 62 Records and 0 Swap Files in 19 milliseconds (Stop-the-world time = 8 milliseconds), max Transaction ID 170414
2025-02-10 13:57:20,865 INFO [Checkpoint FlowFile Repository] o.a.n.c.r.WriteAheadFlowFileRepository Successfully checkpointed FlowFile Repository with 62 records in 20 milliseconds
2025-02-10 13:57:21,004 INFO [Cleanup Archive for default] o.a.n.c.repository.FileSystemRepository Successfully deleted 0 files (0 bytes) from archive
2025-02-10 13:57:21,005 INFO [Cleanup Archive for default] o.a.n.c.repository.FileSystemRepository Archive cleanup completed for container default; will now allow writing to this container. Bytes used = 164.51 GB, bytes free = 273.5 GB, capacity = 438.01 GB
2025-02-10 13:57:40,866 INFO [Checkpoint FlowFile Repository] o.a.n.c.r.WriteAheadFlowFileRepository Initiating checkpoint of FlowFile Repository
2025-02-10 13:57:40,867 INFO [Checkpoint FlowFile Repository] o.a.n.c.r.WriteAheadFlowFileRepository Successfully checkpointed FlowFile Repository with 62 records in 0 milliseconds
2025-02-10 13:58:00,867 INFO [Checkpoint FlowFile Repository] o.a.n.c.r.WriteAheadFlowFileRepository Initiating checkpoint of FlowFile Repository
2025-02-10 13:58:00,868 INFO [Checkpoint FlowFile Repository] o.a.n.c.r.WriteAheadFlowFileRepository Successfully checkpointed FlowFile Repository with 62 records in 0 milliseconds
2025-02-10 13:58:20,335 INFO [Write-Ahead Local State Provider Maintenance] o.a.n.wali.SequentialAccessWriteAheadLog Checkpointed Write-Ahead Log with 21 Records and 0 Swap Files in 7 milliseconds (Stop-the-world time = 4 milliseconds), max Transaction ID 674
2025-02-10 13:58:20,868 INFO [Checkpoint FlowFile Repository] o.a.n.c.r.WriteAheadFlowFileRepository Initiating checkpoint of FlowFile Repository
2025-02-10 13:58:20,879 INFO [Checkpoint FlowFile Repository] o.a.n.wali.SequentialAccessWriteAheadLog Checkpointed Write-Ahead Log with 62 Records and 0 Swap Files in 10 milliseconds (Stop-the-world time = 5 milliseconds), max Transaction ID 170420
2025-02-10 13:58:20,879 INFO [Checkpoint FlowFile Repository] o.a.n.c.r.WriteAheadFlowFileRepository Successfully checkpointed FlowFile Repository with 62 records in 10 milliseconds
2025-02-10 13:58:21,012 INFO [Cleanup Archive for default] o.a.n.c.repository.FileSystemRepository Successfully deleted 0 files (0 bytes) from archive
2025-02-10 13:58:21,012 INFO [Cleanup Archive for default] o.a.n.c.repository.FileSystemRepository Archive cleanup completed for container default; will now allow writing to this container. Bytes used = 164.51 GB, bytes free = 273.5 GB, capacity = 438.01 GB
2025-02-10 13:58:40,879 INFO [Checkpoint FlowFile Repository] o.a.n.c.r.WriteAheadFlowFileRepository Initiating checkpoint of FlowFile Repository
2025-02-10 13:58:40,880 INFO [Checkpoint FlowFile Repository] o.a.n.c.r.WriteAheadFlowFileRepository Successfully checkpointed FlowFile Repository with 62 records in 0 milliseconds
2025-02-10 13:59:00,880 INFO [Checkpoint FlowFile Repository] o.a.n.c.r.WriteAheadFlowFileRepository Initiating checkpoint of FlowFile Repository
2025-02-10 13:59:00,881 INFO [Checkpoint FlowFile Repository] o.a.n.c.r.WriteAheadFlowFileRepository Successfully checkpointed FlowFile Repository with 62 records in 0 milliseconds
2025-02-10 13:59:20,881 INFO [Checkpoint FlowFile Repository] o.a.n.c.r.WriteAheadFlowFileRepository Initiating checkpoint of FlowFile Repository
2025-02-10 13:59:20,895 INFO [Checkpoint FlowFile Repository] o.a.n.wali.SequentialAccessWriteAheadLog Checkpointed Write-Ahead Log with 62 Records and 0 Swap Files in 13 milliseconds (Stop-the-world time = 4 milliseconds), max Transaction ID 170426
2025-02-10 13:59:20,895 INFO [Checkpoint FlowFile Repository] o.a.n.c.r.WriteAheadFlowFileRepository Successfully checkpointed FlowFile Repository with 62 records in 14 milliseconds
2025-02-10 13:59:21,020 INFO [Cleanup Archive for default] o.a.n.c.repository.FileSystemRepository Successfully deleted 0 files (0 bytes) from archive
2025-02-10 13:59:21,020 INFO [Cleanup Archive for default] o.a.n.c.repository.FileSystemRepository Archive cleanup completed for container default; will now allow writing to this container. Bytes used = 164.51 GB, bytes free = 273.5 GB, capacity = 438.01 GB
2025-02-10 13:59:42,107 INFO [Checkpoint FlowFile Repository] o.a.n.c.r.WriteAheadFlowFileRepository Initiating checkpoint of FlowFile Repository
2025-02-10 13:59:42,108 INFO [Checkpoint FlowFile Repository] o.a.n.c.r.WriteAheadFlowFileRepository Successfully checkpointed FlowFile Repository with 62 records in 0 milliseconds
