2025-02-08 17:00:00,738 INFO [Checkpoint FlowFile Repository] o.a.n.c.r.WriteAheadFlowFileRepository Initiating checkpoint of FlowFile Repository
2025-02-08 17:00:00,739 INFO [Checkpoint FlowFile Repository] o.a.n.c.r.WriteAheadFlowFileRepository Successfully checkpointed FlowFile Repository with 40 records in 0 milliseconds
2025-02-08 17:00:20,739 INFO [Checkpoint FlowFile Repository] o.a.n.c.r.WriteAheadFlowFileRepository Initiating checkpoint of FlowFile Repository
2025-02-08 17:00:20,740 INFO [Checkpoint FlowFile Repository] o.a.n.c.r.WriteAheadFlowFileRepository Successfully checkpointed FlowFile Repository with 40 records in 0 milliseconds
2025-02-08 17:00:39,255 INFO [Cleanup Archive for default] o.a.n.c.repository.FileSystemRepository Successfully deleted 0 files (0 bytes) from archive
2025-02-08 17:00:39,256 INFO [Cleanup Archive for default] o.a.n.c.repository.FileSystemRepository Archive cleanup completed for container default; will now allow writing to this container. Bytes used = 163.67 GB, bytes free = 274.33 GB, capacity = 438.01 GB
2025-02-08 17:00:40,741 INFO [Checkpoint FlowFile Repository] o.a.n.c.r.WriteAheadFlowFileRepository Initiating checkpoint of FlowFile Repository
2025-02-08 17:00:40,742 INFO [Checkpoint FlowFile Repository] o.a.n.c.r.WriteAheadFlowFileRepository Successfully checkpointed FlowFile Repository with 40 records in 0 milliseconds
2025-02-08 17:01:00,743 INFO [Checkpoint FlowFile Repository] o.a.n.c.r.WriteAheadFlowFileRepository Initiating checkpoint of FlowFile Repository
2025-02-08 17:01:00,744 INFO [Checkpoint FlowFile Repository] o.a.n.c.r.WriteAheadFlowFileRepository Successfully checkpointed FlowFile Repository with 40 records in 0 milliseconds
2025-02-08 17:01:20,745 INFO [Checkpoint FlowFile Repository] o.a.n.c.r.WriteAheadFlowFileRepository Initiating checkpoint of FlowFile Repository
2025-02-08 17:01:20,745 INFO [Checkpoint FlowFile Repository] o.a.n.c.r.WriteAheadFlowFileRepository Successfully checkpointed FlowFile Repository with 40 records in 0 milliseconds
2025-02-08 17:01:39,261 INFO [Cleanup Archive for default] o.a.n.c.repository.FileSystemRepository Successfully deleted 0 files (0 bytes) from archive
2025-02-08 17:01:39,261 INFO [Cleanup Archive for default] o.a.n.c.repository.FileSystemRepository Archive cleanup completed for container default; will now allow writing to this container. Bytes used = 163.67 GB, bytes free = 274.33 GB, capacity = 438.01 GB
2025-02-08 17:01:40,745 INFO [Checkpoint FlowFile Repository] o.a.n.c.r.WriteAheadFlowFileRepository Initiating checkpoint of FlowFile Repository
2025-02-08 17:01:40,746 INFO [Checkpoint FlowFile Repository] o.a.n.c.r.WriteAheadFlowFileRepository Successfully checkpointed FlowFile Repository with 40 records in 0 milliseconds
2025-02-08 17:02:00,747 INFO [Checkpoint FlowFile Repository] o.a.n.c.r.WriteAheadFlowFileRepository Initiating checkpoint of FlowFile Repository
2025-02-08 17:02:00,748 INFO [Checkpoint FlowFile Repository] o.a.n.c.r.WriteAheadFlowFileRepository Successfully checkpointed FlowFile Repository with 40 records in 0 milliseconds
2025-02-08 17:02:20,749 INFO [Checkpoint FlowFile Repository] o.a.n.c.r.WriteAheadFlowFileRepository Initiating checkpoint of FlowFile Repository
2025-02-08 17:02:20,749 INFO [Checkpoint FlowFile Repository] o.a.n.c.r.WriteAheadFlowFileRepository Successfully checkpointed FlowFile Repository with 40 records in 0 milliseconds
2025-02-08 17:02:39,266 INFO [Cleanup Archive for default] o.a.n.c.repository.FileSystemRepository Successfully deleted 0 files (0 bytes) from archive
2025-02-08 17:02:39,266 INFO [Cleanup Archive for default] o.a.n.c.repository.FileSystemRepository Archive cleanup completed for container default; will now allow writing to this container. Bytes used = 163.67 GB, bytes free = 274.33 GB, capacity = 438.01 GB
2025-02-08 17:02:40,749 INFO [Checkpoint FlowFile Repository] o.a.n.c.r.WriteAheadFlowFileRepository Initiating checkpoint of FlowFile Repository
2025-02-08 17:02:40,750 INFO [Checkpoint FlowFile Repository] o.a.n.c.r.WriteAheadFlowFileRepository Successfully checkpointed FlowFile Repository with 40 records in 0 milliseconds
2025-02-08 17:03:00,751 INFO [Checkpoint FlowFile Repository] o.a.n.c.r.WriteAheadFlowFileRepository Initiating checkpoint of FlowFile Repository
2025-02-08 17:03:00,751 INFO [Checkpoint FlowFile Repository] o.a.n.c.r.WriteAheadFlowFileRepository Successfully checkpointed FlowFile Repository with 40 records in 0 milliseconds
2025-02-08 17:03:20,751 INFO [Checkpoint FlowFile Repository] o.a.n.c.r.WriteAheadFlowFileRepository Initiating checkpoint of FlowFile Repository
2025-02-08 17:03:20,752 INFO [Checkpoint FlowFile Repository] o.a.n.c.r.WriteAheadFlowFileRepository Successfully checkpointed FlowFile Repository with 40 records in 0 milliseconds
2025-02-08 17:03:39,271 INFO [Cleanup Archive for default] o.a.n.c.repository.FileSystemRepository Successfully deleted 0 files (0 bytes) from archive
2025-02-08 17:03:39,272 INFO [Cleanup Archive for default] o.a.n.c.repository.FileSystemRepository Archive cleanup completed for container default; will now allow writing to this container. Bytes used = 163.67 GB, bytes free = 274.33 GB, capacity = 438.01 GB
2025-02-08 17:03:40,753 INFO [Checkpoint FlowFile Repository] o.a.n.c.r.WriteAheadFlowFileRepository Initiating checkpoint of FlowFile Repository
2025-02-08 17:03:40,754 INFO [Checkpoint FlowFile Repository] o.a.n.c.r.WriteAheadFlowFileRepository Successfully checkpointed FlowFile Repository with 40 records in 0 milliseconds
2025-02-08 17:04:00,755 INFO [Checkpoint FlowFile Repository] o.a.n.c.r.WriteAheadFlowFileRepository Initiating checkpoint of FlowFile Repository
2025-02-08 17:04:00,756 INFO [Checkpoint FlowFile Repository] o.a.n.c.r.WriteAheadFlowFileRepository Successfully checkpointed FlowFile Repository with 40 records in 0 milliseconds
2025-02-08 17:04:20,757 INFO [Checkpoint FlowFile Repository] o.a.n.c.r.WriteAheadFlowFileRepository Initiating checkpoint of FlowFile Repository
2025-02-08 17:04:20,757 INFO [Checkpoint FlowFile Repository] o.a.n.c.r.WriteAheadFlowFileRepository Successfully checkpointed FlowFile Repository with 40 records in 0 milliseconds
2025-02-08 17:04:39,276 INFO [Cleanup Archive for default] o.a.n.c.repository.FileSystemRepository Successfully deleted 0 files (0 bytes) from archive
2025-02-08 17:04:39,277 INFO [Cleanup Archive for default] o.a.n.c.repository.FileSystemRepository Archive cleanup completed for container default; will now allow writing to this container. Bytes used = 163.68 GB, bytes free = 274.33 GB, capacity = 438.01 GB
2025-02-08 17:04:40,758 INFO [Checkpoint FlowFile Repository] o.a.n.c.r.WriteAheadFlowFileRepository Initiating checkpoint of FlowFile Repository
2025-02-08 17:04:40,759 INFO [Checkpoint FlowFile Repository] o.a.n.c.r.WriteAheadFlowFileRepository Successfully checkpointed FlowFile Repository with 40 records in 0 milliseconds
2025-02-08 17:05:00,759 INFO [Checkpoint FlowFile Repository] o.a.n.c.r.WriteAheadFlowFileRepository Initiating checkpoint of FlowFile Repository
2025-02-08 17:05:00,760 INFO [Checkpoint FlowFile Repository] o.a.n.c.r.WriteAheadFlowFileRepository Successfully checkpointed FlowFile Repository with 40 records in 0 milliseconds
2025-02-08 17:05:20,761 INFO [Checkpoint FlowFile Repository] o.a.n.c.r.WriteAheadFlowFileRepository Initiating checkpoint of FlowFile Repository
2025-02-08 17:05:20,762 INFO [Checkpoint FlowFile Repository] o.a.n.c.r.WriteAheadFlowFileRepository Successfully checkpointed FlowFile Repository with 40 records in 0 milliseconds
2025-02-08 17:05:39,281 INFO [Cleanup Archive for default] o.a.n.c.repository.FileSystemRepository Successfully deleted 0 files (0 bytes) from archive
2025-02-08 17:05:39,282 INFO [Cleanup Archive for default] o.a.n.c.repository.FileSystemRepository Archive cleanup completed for container default; will now allow writing to this container. Bytes used = 163.68 GB, bytes free = 274.33 GB, capacity = 438.01 GB
2025-02-08 17:05:40,763 INFO [Checkpoint FlowFile Repository] o.a.n.c.r.WriteAheadFlowFileRepository Initiating checkpoint of FlowFile Repository
2025-02-08 17:05:40,763 INFO [Checkpoint FlowFile Repository] o.a.n.c.r.WriteAheadFlowFileRepository Successfully checkpointed FlowFile Repository with 40 records in 0 milliseconds
2025-02-08 17:06:00,764 INFO [Checkpoint FlowFile Repository] o.a.n.c.r.WriteAheadFlowFileRepository Initiating checkpoint of FlowFile Repository
2025-02-08 17:06:00,765 INFO [Checkpoint FlowFile Repository] o.a.n.c.r.WriteAheadFlowFileRepository Successfully checkpointed FlowFile Repository with 40 records in 0 milliseconds
2025-02-08 17:06:20,765 INFO [Checkpoint FlowFile Repository] o.a.n.c.r.WriteAheadFlowFileRepository Initiating checkpoint of FlowFile Repository
2025-02-08 17:06:20,766 INFO [Checkpoint FlowFile Repository] o.a.n.c.r.WriteAheadFlowFileRepository Successfully checkpointed FlowFile Repository with 40 records in 0 milliseconds
2025-02-08 17:06:39,287 INFO [Cleanup Archive for default] o.a.n.c.repository.FileSystemRepository Successfully deleted 0 files (0 bytes) from archive
2025-02-08 17:06:39,288 INFO [Cleanup Archive for default] o.a.n.c.repository.FileSystemRepository Archive cleanup completed for container default; will now allow writing to this container. Bytes used = 163.68 GB, bytes free = 274.33 GB, capacity = 438.01 GB
2025-02-08 17:06:40,767 INFO [Checkpoint FlowFile Repository] o.a.n.c.r.WriteAheadFlowFileRepository Initiating checkpoint of FlowFile Repository
2025-02-08 17:06:40,767 INFO [Checkpoint FlowFile Repository] o.a.n.c.r.WriteAheadFlowFileRepository Successfully checkpointed FlowFile Repository with 40 records in 0 milliseconds
2025-02-08 17:07:00,768 INFO [Checkpoint FlowFile Repository] o.a.n.c.r.WriteAheadFlowFileRepository Initiating checkpoint of FlowFile Repository
2025-02-08 17:07:00,769 INFO [Checkpoint FlowFile Repository] o.a.n.c.r.WriteAheadFlowFileRepository Successfully checkpointed FlowFile Repository with 40 records in 0 milliseconds
2025-02-08 17:07:20,770 INFO [Checkpoint FlowFile Repository] o.a.n.c.r.WriteAheadFlowFileRepository Initiating checkpoint of FlowFile Repository
2025-02-08 17:07:20,771 INFO [Checkpoint FlowFile Repository] o.a.n.c.r.WriteAheadFlowFileRepository Successfully checkpointed FlowFile Repository with 40 records in 0 milliseconds
2025-02-08 17:07:39,296 INFO [Cleanup Archive for default] o.a.n.c.repository.FileSystemRepository Successfully deleted 0 files (0 bytes) from archive
2025-02-08 17:07:39,296 INFO [Cleanup Archive for default] o.a.n.c.repository.FileSystemRepository Archive cleanup completed for container default; will now allow writing to this container. Bytes used = 163.68 GB, bytes free = 274.33 GB, capacity = 438.01 GB
2025-02-08 17:07:40,771 INFO [Checkpoint FlowFile Repository] o.a.n.c.r.WriteAheadFlowFileRepository Initiating checkpoint of FlowFile Repository
2025-02-08 17:07:40,773 INFO [Checkpoint FlowFile Repository] o.a.n.c.r.WriteAheadFlowFileRepository Successfully checkpointed FlowFile Repository with 40 records in 0 milliseconds
2025-02-08 17:08:00,774 INFO [Checkpoint FlowFile Repository] o.a.n.c.r.WriteAheadFlowFileRepository Initiating checkpoint of FlowFile Repository
2025-02-08 17:08:00,774 INFO [Checkpoint FlowFile Repository] o.a.n.c.r.WriteAheadFlowFileRepository Successfully checkpointed FlowFile Repository with 40 records in 0 milliseconds
2025-02-08 17:08:20,775 INFO [Checkpoint FlowFile Repository] o.a.n.c.r.WriteAheadFlowFileRepository Initiating checkpoint of FlowFile Repository
2025-02-08 17:08:20,775 INFO [Checkpoint FlowFile Repository] o.a.n.c.r.WriteAheadFlowFileRepository Successfully checkpointed FlowFile Repository with 40 records in 0 milliseconds
2025-02-08 17:08:39,301 INFO [Cleanup Archive for default] o.a.n.c.repository.FileSystemRepository Successfully deleted 0 files (0 bytes) from archive
2025-02-08 17:08:39,301 INFO [Cleanup Archive for default] o.a.n.c.repository.FileSystemRepository Archive cleanup completed for container default; will now allow writing to this container. Bytes used = 163.68 GB, bytes free = 274.33 GB, capacity = 438.01 GB
2025-02-08 17:08:40,776 INFO [Checkpoint FlowFile Repository] o.a.n.c.r.WriteAheadFlowFileRepository Initiating checkpoint of FlowFile Repository
2025-02-08 17:08:40,776 INFO [Checkpoint FlowFile Repository] o.a.n.c.r.WriteAheadFlowFileRepository Successfully checkpointed FlowFile Repository with 40 records in 0 milliseconds
2025-02-08 17:09:00,777 INFO [Checkpoint FlowFile Repository] o.a.n.c.r.WriteAheadFlowFileRepository Initiating checkpoint of FlowFile Repository
2025-02-08 17:09:00,777 INFO [Checkpoint FlowFile Repository] o.a.n.c.r.WriteAheadFlowFileRepository Successfully checkpointed FlowFile Repository with 40 records in 0 milliseconds
2025-02-08 17:09:20,778 INFO [Checkpoint FlowFile Repository] o.a.n.c.r.WriteAheadFlowFileRepository Initiating checkpoint of FlowFile Repository
2025-02-08 17:09:20,778 INFO [Checkpoint FlowFile Repository] o.a.n.c.r.WriteAheadFlowFileRepository Successfully checkpointed FlowFile Repository with 40 records in 0 milliseconds
2025-02-08 17:09:39,306 INFO [Cleanup Archive for default] o.a.n.c.repository.FileSystemRepository Successfully deleted 0 files (0 bytes) from archive
2025-02-08 17:09:39,307 INFO [Cleanup Archive for default] o.a.n.c.repository.FileSystemRepository Archive cleanup completed for container default; will now allow writing to this container. Bytes used = 163.68 GB, bytes free = 274.33 GB, capacity = 438.01 GB
2025-02-08 17:09:40,779 INFO [Checkpoint FlowFile Repository] o.a.n.c.r.WriteAheadFlowFileRepository Initiating checkpoint of FlowFile Repository
2025-02-08 17:09:40,780 INFO [Checkpoint FlowFile Repository] o.a.n.c.r.WriteAheadFlowFileRepository Successfully checkpointed FlowFile Repository with 40 records in 0 milliseconds
2025-02-08 17:10:00,780 INFO [Checkpoint FlowFile Repository] o.a.n.c.r.WriteAheadFlowFileRepository Initiating checkpoint of FlowFile Repository
2025-02-08 17:10:00,781 INFO [Checkpoint FlowFile Repository] o.a.n.c.r.WriteAheadFlowFileRepository Successfully checkpointed FlowFile Repository with 40 records in 0 milliseconds
2025-02-08 17:10:20,782 INFO [Checkpoint FlowFile Repository] o.a.n.c.r.WriteAheadFlowFileRepository Initiating checkpoint of FlowFile Repository
2025-02-08 17:10:20,782 INFO [Checkpoint FlowFile Repository] o.a.n.c.r.WriteAheadFlowFileRepository Successfully checkpointed FlowFile Repository with 40 records in 0 milliseconds
2025-02-08 17:10:39,324 INFO [Cleanup Archive for default] o.a.n.c.repository.FileSystemRepository Successfully deleted 0 files (0 bytes) from archive
2025-02-08 17:10:39,325 INFO [Cleanup Archive for default] o.a.n.c.repository.FileSystemRepository Archive cleanup completed for container default; will now allow writing to this container. Bytes used = 163.68 GB, bytes free = 274.33 GB, capacity = 438.01 GB
2025-02-08 17:10:40,783 INFO [Checkpoint FlowFile Repository] o.a.n.c.r.WriteAheadFlowFileRepository Initiating checkpoint of FlowFile Repository
2025-02-08 17:10:40,783 INFO [Checkpoint FlowFile Repository] o.a.n.c.r.WriteAheadFlowFileRepository Successfully checkpointed FlowFile Repository with 40 records in 0 milliseconds
2025-02-08 17:11:00,784 INFO [Checkpoint FlowFile Repository] o.a.n.c.r.WriteAheadFlowFileRepository Initiating checkpoint of FlowFile Repository
2025-02-08 17:11:00,784 INFO [Checkpoint FlowFile Repository] o.a.n.c.r.WriteAheadFlowFileRepository Successfully checkpointed FlowFile Repository with 40 records in 0 milliseconds
2025-02-08 17:11:20,784 INFO [Checkpoint FlowFile Repository] o.a.n.c.r.WriteAheadFlowFileRepository Initiating checkpoint of FlowFile Repository
2025-02-08 17:11:20,785 INFO [Checkpoint FlowFile Repository] o.a.n.c.r.WriteAheadFlowFileRepository Successfully checkpointed FlowFile Repository with 40 records in 0 milliseconds
2025-02-08 17:11:39,340 INFO [Cleanup Archive for default] o.a.n.c.repository.FileSystemRepository Successfully deleted 0 files (0 bytes) from archive
2025-02-08 17:11:39,341 INFO [Cleanup Archive for default] o.a.n.c.repository.FileSystemRepository Archive cleanup completed for container default; will now allow writing to this container. Bytes used = 163.68 GB, bytes free = 274.33 GB, capacity = 438.01 GB
2025-02-08 17:11:40,786 INFO [Checkpoint FlowFile Repository] o.a.n.c.r.WriteAheadFlowFileRepository Initiating checkpoint of FlowFile Repository
2025-02-08 17:11:40,787 INFO [Checkpoint FlowFile Repository] o.a.n.c.r.WriteAheadFlowFileRepository Successfully checkpointed FlowFile Repository with 40 records in 0 milliseconds
2025-02-08 17:11:55,970 INFO [pool-1-thread-2] org.apache.nifi.BootstrapListener Received SHUTDOWN request from Bootstrap
2025-02-08 17:11:55,970 INFO [pool-1-thread-2] org.apache.nifi.NiFi Application Server shutdown started
2025-02-08 17:11:55,970 INFO [pool-1-thread-2] org.eclipse.jetty.server.Server Stopped oejs.Server@15c6027d{STOPPING}[12.0.9,sto=0]
2025-02-08 17:11:55,973 INFO [pool-1-thread-2] o.eclipse.jetty.server.AbstractConnector Stopped ServerConnector@4ee3a79e{SSL, (ssl, alpn, h2, http/1.1)}{nifi:8443}
2025-02-08 17:11:56,032 INFO [pool-1-thread-2] o.e.j.ee10.servlet.ServletContextHandler Stopped oeje10w.WebAppContext@5b74c45a{nifi-error,/,b=null,a=AVAILABLE,h=oeje10s.SessionHandler@35f03e9d{STOPPED}}{./work/nar/extensions/nifi-server-nar-2.0.0-M3.nar-unpacked/NAR-INF/bundled-dependencies/nifi-web-error-2.0.0-M3.war}
2025-02-08 17:11:56,050 INFO [pool-1-thread-2] o.e.j.ee10.servlet.ServletContextHandler Stopped oeje10w.WebAppContext@16c64999{nifi-web-frontend,/nf,b=null,a=AVAILABLE,h=oeje10s.SessionHandler@4237d6e4{STOPPED}}{./work/nar/extensions/nifi-server-nar-2.0.0-M3.nar-unpacked/NAR-INF/bundled-dependencies/nifi-web-frontend-2.0.0-M3.war}
2025-02-08 17:11:56,053 INFO [pool-1-thread-2] o.e.j.ee10.servlet.ServletContextHandler Stopped oeje10w.WebAppContext@7b320f0d{nifi-docs,/nifi-docs,b=null,a=AVAILABLE,h=oeje10s.SessionHandler@3463d70a{STOPPED}}{./work/nar/extensions/nifi-server-nar-2.0.0-M3.nar-unpacked/NAR-INF/bundled-dependencies/nifi-web-docs-2.0.0-M3.war}
2025-02-08 17:11:56,057 INFO [pool-1-thread-2] o.e.j.ee10.servlet.ServletContextHandler Stopped oeje10w.WebAppContext@1da9b95d{nifi-content-viewer,/nifi-content-viewer,b=null,a=AVAILABLE,h=oeje10s.SessionHandler@6af78b2{STOPPED}}{./work/nar/extensions/nifi-server-nar-2.0.0-M3.nar-unpacked/NAR-INF/bundled-dependencies/nifi-web-content-viewer-2.0.0-M3.war}
2025-02-08 17:11:56,066 INFO [pool-1-thread-2] o.a.n.w.c.ApplicationStartupContextListener Flow Service shutdown started
2025-02-08 17:11:56,066 INFO [pool-1-thread-2] o.apache.nifi.controller.FlowController Initiating shutdown of FlowController...
2025-02-08 17:11:56,073 INFO [pool-1-thread-2] o.apache.nifi.controller.FlowController Initiated graceful shutdown of flow controller...waiting up to 10 seconds
2025-02-08 17:11:56,074 INFO [pool-1-thread-2] o.apache.nifi.controller.FlowController Controller has been terminated successfully.
2025-02-08 17:11:56,074 INFO [pool-1-thread-2] o.apache.nifi.py4j.StandardPythonBridge Shutting down Python Server
2025-02-08 17:11:56,075 INFO [pool-1-thread-2] org.apache.nifi.py4j.PythonProcess Shutting down Python Process Process[pid=179, exitValue="not exited"]
2025-02-08 17:11:56,076 INFO [pool-1-thread-2] o.apache.nifi.py4j.StandardPythonBridge Successfully shutdown Python Server
2025-02-08 17:11:56,078 INFO [Thread-15] org.apache.nifi.py4j.PythonProcess Python Process Process[pid=179, exitValue=137] exited with code 137
2025-02-08 17:11:56,088 INFO [pool-1-thread-2] o.a.n.w.c.ApplicationStartupContextListener Flow Service shutdown completed
2025-02-08 17:11:56,088 INFO [pool-1-thread-2] o.e.j.s.handler.ContextHandler._nifi_api Closing Spring root WebApplicationContext
2025-02-08 17:11:56,152 INFO [pool-1-thread-2] o.a.n.a.service.EntityStoreAuditService Environment closed
2025-02-08 17:11:56,180 INFO [pool-1-thread-2] o.e.j.ee10.servlet.ServletContextHandler Stopped oeje10w.WebAppContext@35e75f7a{nifi-api,/nifi-api,b=null,a=AVAILABLE,h=oeje10s.SessionHandler@709d6de5{STOPPED}}{./work/nar/extensions/nifi-server-nar-2.0.0-M3.nar-unpacked/NAR-INF/bundled-dependencies/nifi-web-api-2.0.0-M3.war}
2025-02-08 17:11:56,230 INFO [pool-1-thread-2] o.e.j.ee10.servlet.ServletContextHandler Stopped oeje10w.WebAppContext@5635bcd2{nifi,/nifi,b=null,a=AVAILABLE,h=oeje10s.SessionHandler@7b5833ee{STOPPED}}{./work/nar/extensions/nifi-server-nar-2.0.0-M3.nar-unpacked/NAR-INF/bundled-dependencies/nifi-web-ui-2.0.0-M3.war}
2025-02-08 17:11:56,233 INFO [pool-1-thread-2] o.e.j.ee10.servlet.ServletContextHandler Stopped oeje10w.WebAppContext@5fb7ab9c{nifi-standard-content-viewer,/nifi-standard-content-viewer-2.0.0-M3,b=null,a=AVAILABLE,h=oeje10s.SessionHandler@49038f97{STOPPED}}{./work/nar/extensions/nifi-standard-nar-2.0.0-M3.nar-unpacked/NAR-INF/bundled-dependencies/nifi-standard-content-viewer-2.0.0-M3.war}
2025-02-08 17:11:56,238 INFO [pool-1-thread-2] o.e.j.ee10.servlet.ServletContextHandler Stopped oeje10w.WebAppContext@1e734eee{/nifi-update-attribute-ui-2.0.0-M3,/nifi-update-attribute-ui-2.0.0-M3,b=null,a=AVAILABLE,h=oeje10s.SessionHandler@77663cd7{STOPPED}}{./work/nar/extensions/nifi-update-attribute-nar-2.0.0-M3.nar-unpacked/NAR-INF/bundled-dependencies/nifi-update-attribute-ui-2.0.0-M3.war}
2025-02-08 17:11:56,245 INFO [pool-1-thread-2] o.e.j.ee10.servlet.ServletContextHandler Stopped oeje10w.WebAppContext@dada335{/nifi-jolt-transform-json-ui-2.0.0-M3,/nifi-jolt-transform-json-ui-2.0.0-M3,b=null,a=AVAILABLE,h=oeje10s.SessionHandler@7772d266{STOPPED}}{./work/nar/extensions/nifi-jolt-nar-2.0.0-M3.nar-unpacked/NAR-INF/bundled-dependencies/nifi-jolt-transform-json-ui-2.0.0-M3.war}
2025-02-08 17:11:56,248 INFO [pool-1-thread-2] o.e.j.ee10.servlet.ServletContextHandler Stopped oeje10w.WebAppContext@7f0f84d4{nifi-image-viewer,/nifi-image-viewer-2.0.0-M3,b=null,a=AVAILABLE,h=oeje10s.SessionHandler@7364f68{STOPPED}}{./work/nar/extensions/nifi-image-viewer-nar-2.0.0-M3.nar-unpacked/NAR-INF/bundled-dependencies/nifi-image-viewer-2.0.0-M3.war}
2025-02-08 17:11:56,251 INFO [pool-1-thread-2] org.apache.nifi.nar.NarAutoLoaderTask Stopping NAR Auto-loader
2025-02-08 17:11:56,251 INFO [pool-1-thread-2] org.apache.nifi.nar.NarAutoLoader NAR Auto-Loader stopped
2025-02-08 17:11:56,252 INFO [pool-1-thread-2] o.a.n.f.r.CompositeExternalResourceProviderService External Resource Provider Service is stopped
2025-02-08 17:11:56,252 INFO [pool-1-thread-2] org.apache.nifi.NiFi Application Server shutdown completed
2025-02-08 17:11:56,963 INFO [Thread-0] org.apache.nifi.NiFi Application Server shutdown started
2025-02-08 17:11:56,963 INFO [Thread-0] org.apache.nifi.nar.NarAutoLoader NAR Auto-Loader stopped
2025-02-08 17:11:56,963 INFO [Thread-0] o.a.n.f.r.CompositeExternalResourceProviderService External Resource Provider Service is stopped
2025-02-08 17:11:56,963 INFO [Thread-0] org.apache.nifi.NiFi Application Server shutdown completed
